0 info it worked if it ends with ok
1 verbose cli [ '/usr/bin/node', '/usr/bin/npm', 'install', 'pm2', '-g' ]
2 info using npm@3.5.2
3 info using node@v8.10.0
4 silly loadCurrentTree Starting
5 silly install loadCurrentTree
6 silly install readGlobalPackageData
7 silly fetchPackageMetaData pm2
8 silly fetchNamedPackageData pm2
9 silly mapToRegistry name pm2
10 silly mapToRegistry using default registry
11 silly mapToRegistry registry https://registry.npmjs.org/
12 silly mapToRegistry uri https://registry.npmjs.org/pm2
13 verbose request uri https://registry.npmjs.org/pm2
14 verbose request no auth needed
15 info attempt registry request try #1 at 8:41:03 AM
16 verbose request id d38ef6f9b1b5e1b2
17 verbose etag W/"b98a8f55b5274f401ee1313294a55019"
18 verbose lastModified Tue, 17 May 2022 20:31:25 GMT
19 http request GET https://registry.npmjs.org/pm2
20 http 304 https://registry.npmjs.org/pm2
21 verbose headers { date: 'Fri, 20 May 2022 08:41:03 GMT',
21 verbose headers   connection: 'keep-alive',
21 verbose headers   'cf-ray': '70e3c5639d5a4d5d-SIN',
21 verbose headers   age: '165',
21 verbose headers   'cache-control': 'public, max-age=300',
21 verbose headers   etag: '"b98a8f55b5274f401ee1313294a55019"',
21 verbose headers   'last-modified': 'Tue, 17 May 2022 20:31:25 GMT',
21 verbose headers   vary: 'Accept-Encoding',
21 verbose headers   'cf-cache-status': 'HIT',
21 verbose headers   'expect-ct': 'max-age=604800, report-uri="https://report-uri.cloudflare.com/cdn-cgi/beacon/expect-ct"',
21 verbose headers   'x-amz-replication-status': 'COMPLETED',
21 verbose headers   server: 'cloudflare' }
22 silly get cb [ 304,
22 silly get   { date: 'Fri, 20 May 2022 08:41:03 GMT',
22 silly get     connection: 'keep-alive',
22 silly get     'cf-ray': '70e3c5639d5a4d5d-SIN',
22 silly get     age: '165',
22 silly get     'cache-control': 'public, max-age=300',
22 silly get     etag: '"b98a8f55b5274f401ee1313294a55019"',
22 silly get     'last-modified': 'Tue, 17 May 2022 20:31:25 GMT',
22 silly get     vary: 'Accept-Encoding',
22 silly get     'cf-cache-status': 'HIT',
22 silly get     'expect-ct': 'max-age=604800, report-uri="https://report-uri.cloudflare.com/cdn-cgi/beacon/expect-ct"',
22 silly get     'x-amz-replication-status': 'COMPLETED',
22 silly get     server: 'cloudflare' } ]
23 verbose etag https://registry.npmjs.org/pm2 from cache
24 verbose get saving pm2 to /root/.npm/registry.npmjs.org/pm2/.cache.json
25 silly install normalizeTree
26 silly loadCurrentTree Finishing
27 silly loadIdealTree Starting
28 silly install loadIdealTree
29 silly cloneCurrentTree Starting
30 silly install cloneCurrentTreeToIdealTree
31 silly cloneCurrentTree Finishing
32 silly loadShrinkwrap Starting
33 silly install loadShrinkwrap
34 silly loadShrinkwrap Finishing
35 silly loadAllDepsIntoIdealTree Starting
36 silly install loadAllDepsIntoIdealTree
37 silly resolveWithNewModule pm2@5.2.0 checking installable status
38 silly cache add args [ 'pm2', null ]
39 verbose cache add spec pm2
40 silly cache add parsed spec Result {
40 silly cache add   raw: 'pm2',
40 silly cache add   scope: null,
40 silly cache add   name: 'pm2',
40 silly cache add   rawSpec: '',
40 silly cache add   spec: 'latest',
40 silly cache add   type: 'tag' }
41 silly addNamed pm2@latest
42 verbose addNamed "latest" is being treated as a dist-tag for pm2
43 info addNameTag [ 'pm2', 'latest' ]
44 silly mapToRegistry name pm2
45 silly mapToRegistry using default registry
46 silly mapToRegistry registry https://registry.npmjs.org/
47 silly mapToRegistry uri https://registry.npmjs.org/pm2
48 verbose addNameTag registry:https://registry.npmjs.org/pm2 not in flight; fetching
49 verbose get https://registry.npmjs.org/pm2 not expired, no request
50 silly addNameTag next cb for pm2 with tag latest
51 silly addNamed pm2@5.2.0
52 verbose addNamed "5.2.0" is a plain semver version for pm2
53 silly cache afterAdd pm2@5.2.0
54 verbose afterAdd /root/.npm/pm2/5.2.0/package/package.json not in flight; writing
55 verbose afterAdd /root/.npm/pm2/5.2.0/package/package.json written
56 silly fetchNamedPackageData @pm2/agent
57 silly mapToRegistry name @pm2/agent
58 silly mapToRegistry scope (from package name) @pm2
59 verbose mapToRegistry no registry URL found in name for scope @pm2
60 silly mapToRegistry using default registry
61 silly mapToRegistry registry https://registry.npmjs.org/
62 silly mapToRegistry uri https://registry.npmjs.org/@pm2%2fagent
63 silly fetchNamedPackageData @pm2/io
64 silly mapToRegistry name @pm2/io
65 silly mapToRegistry scope (from package name) @pm2
66 verbose mapToRegistry no registry URL found in name for scope @pm2
67 silly mapToRegistry using default registry
68 silly mapToRegistry registry https://registry.npmjs.org/
69 silly mapToRegistry uri https://registry.npmjs.org/@pm2%2fio
70 silly fetchNamedPackageData @pm2/js-api
71 silly mapToRegistry name @pm2/js-api
72 silly mapToRegistry scope (from package name) @pm2
73 verbose mapToRegistry no registry URL found in name for scope @pm2
74 silly mapToRegistry using default registry
75 silly mapToRegistry registry https://registry.npmjs.org/
76 silly mapToRegistry uri https://registry.npmjs.org/@pm2%2fjs-api
77 silly fetchNamedPackageData async
78 silly mapToRegistry name async
79 silly mapToRegistry using default registry
80 silly mapToRegistry registry https://registry.npmjs.org/
81 silly mapToRegistry uri https://registry.npmjs.org/async
82 silly fetchNamedPackageData blessed
83 silly mapToRegistry name blessed
84 silly mapToRegistry using default registry
85 silly mapToRegistry registry https://registry.npmjs.org/
86 silly mapToRegistry uri https://registry.npmjs.org/blessed
87 silly fetchNamedPackageData chalk
88 silly mapToRegistry name chalk
89 silly mapToRegistry using default registry
90 silly mapToRegistry registry https://registry.npmjs.org/
91 silly mapToRegistry uri https://registry.npmjs.org/chalk
92 silly fetchNamedPackageData chokidar
93 silly mapToRegistry name chokidar
94 silly mapToRegistry using default registry
95 silly mapToRegistry registry https://registry.npmjs.org/
96 silly mapToRegistry uri https://registry.npmjs.org/chokidar
97 silly fetchNamedPackageData cli-tableau
98 silly mapToRegistry name cli-tableau
99 silly mapToRegistry using default registry
100 silly mapToRegistry registry https://registry.npmjs.org/
101 silly mapToRegistry uri https://registry.npmjs.org/cli-tableau
102 silly fetchNamedPackageData commander
103 silly mapToRegistry name commander
104 silly mapToRegistry using default registry
105 silly mapToRegistry registry https://registry.npmjs.org/
106 silly mapToRegistry uri https://registry.npmjs.org/commander
107 silly fetchNamedPackageData croner
108 silly mapToRegistry name croner
109 silly mapToRegistry using default registry
110 silly mapToRegistry registry https://registry.npmjs.org/
111 silly mapToRegistry uri https://registry.npmjs.org/croner
112 silly fetchNamedPackageData dayjs
113 silly mapToRegistry name dayjs
114 silly mapToRegistry using default registry
115 silly mapToRegistry registry https://registry.npmjs.org/
116 silly mapToRegistry uri https://registry.npmjs.org/dayjs
117 silly fetchNamedPackageData debug
118 silly mapToRegistry name debug
119 silly mapToRegistry using default registry
120 silly mapToRegistry registry https://registry.npmjs.org/
121 silly mapToRegistry uri https://registry.npmjs.org/debug
122 silly fetchNamedPackageData enquirer
123 silly mapToRegistry name enquirer
124 silly mapToRegistry using default registry
125 silly mapToRegistry registry https://registry.npmjs.org/
126 silly mapToRegistry uri https://registry.npmjs.org/enquirer
127 silly fetchNamedPackageData eventemitter2
128 silly mapToRegistry name eventemitter2
129 silly mapToRegistry using default registry
130 silly mapToRegistry registry https://registry.npmjs.org/
131 silly mapToRegistry uri https://registry.npmjs.org/eventemitter2
132 silly fetchNamedPackageData sprintf-js
133 silly mapToRegistry name sprintf-js
134 silly mapToRegistry using default registry
135 silly mapToRegistry registry https://registry.npmjs.org/
136 silly mapToRegistry uri https://registry.npmjs.org/sprintf-js
137 silly fetchNamedPackageData fclone
138 silly mapToRegistry name fclone
139 silly mapToRegistry using default registry
140 silly mapToRegistry registry https://registry.npmjs.org/
141 silly mapToRegistry uri https://registry.npmjs.org/fclone
142 silly fetchNamedPackageData mkdirp
143 silly mapToRegistry name mkdirp
144 silly mapToRegistry using default registry
145 silly mapToRegistry registry https://registry.npmjs.org/
146 silly mapToRegistry uri https://registry.npmjs.org/mkdirp
147 silly fetchNamedPackageData needle
148 silly mapToRegistry name needle
149 silly mapToRegistry using default registry
150 silly mapToRegistry registry https://registry.npmjs.org/
151 silly mapToRegistry uri https://registry.npmjs.org/needle
152 silly fetchNamedPackageData pidusage
153 silly mapToRegistry name pidusage
154 silly mapToRegistry using default registry
155 silly mapToRegistry registry https://registry.npmjs.org/
156 silly mapToRegistry uri https://registry.npmjs.org/pidusage
157 silly fetchNamedPackageData pm2-axon
158 silly mapToRegistry name pm2-axon
159 silly mapToRegistry using default registry
160 silly mapToRegistry registry https://registry.npmjs.org/
161 silly mapToRegistry uri https://registry.npmjs.org/pm2-axon
162 silly fetchNamedPackageData pm2-axon-rpc
163 silly mapToRegistry name pm2-axon-rpc
164 silly mapToRegistry using default registry
165 silly mapToRegistry registry https://registry.npmjs.org/
166 silly mapToRegistry uri https://registry.npmjs.org/pm2-axon-rpc
167 silly fetchNamedPackageData pm2-deploy
168 silly mapToRegistry name pm2-deploy
169 silly mapToRegistry using default registry
170 silly mapToRegistry registry https://registry.npmjs.org/
171 silly mapToRegistry uri https://registry.npmjs.org/pm2-deploy
172 silly fetchNamedPackageData pm2-multimeter
173 silly mapToRegistry name pm2-multimeter
174 silly mapToRegistry using default registry
175 silly mapToRegistry registry https://registry.npmjs.org/
176 silly mapToRegistry uri https://registry.npmjs.org/pm2-multimeter
177 silly fetchNamedPackageData promptly
178 silly mapToRegistry name promptly
179 silly mapToRegistry using default registry
180 silly mapToRegistry registry https://registry.npmjs.org/
181 silly mapToRegistry uri https://registry.npmjs.org/promptly
182 silly fetchNamedPackageData semver
183 silly mapToRegistry name semver
184 silly mapToRegistry using default registry
185 silly mapToRegistry registry https://registry.npmjs.org/
186 silly mapToRegistry uri https://registry.npmjs.org/semver
187 silly fetchNamedPackageData source-map-support
188 silly mapToRegistry name source-map-support
189 silly mapToRegistry using default registry
190 silly mapToRegistry registry https://registry.npmjs.org/
191 silly mapToRegistry uri https://registry.npmjs.org/source-map-support
192 silly fetchNamedPackageData vizion
193 silly mapToRegistry name vizion
194 silly mapToRegistry using default registry
195 silly mapToRegistry registry https://registry.npmjs.org/
196 silly mapToRegistry uri https://registry.npmjs.org/vizion
197 silly fetchNamedPackageData yamljs
198 silly mapToRegistry name yamljs
199 silly mapToRegistry using default registry
200 silly mapToRegistry registry https://registry.npmjs.org/
201 silly mapToRegistry uri https://registry.npmjs.org/yamljs
202 silly fetchNamedPackageData pm2-sysmonit
203 silly mapToRegistry name pm2-sysmonit
204 silly mapToRegistry using default registry
205 silly mapToRegistry registry https://registry.npmjs.org/
206 silly mapToRegistry uri https://registry.npmjs.org/pm2-sysmonit
207 silly fetchNamedPackageData @pm2/pm2-version-check
208 silly mapToRegistry name @pm2/pm2-version-check
209 silly mapToRegistry scope (from package name) @pm2
210 verbose mapToRegistry no registry URL found in name for scope @pm2
211 silly mapToRegistry using default registry
212 silly mapToRegistry registry https://registry.npmjs.org/
213 silly mapToRegistry uri https://registry.npmjs.org/@pm2%2fpm2-version-check
214 verbose request uri https://registry.npmjs.org/@pm2%2fagent
215 verbose request no auth needed
216 info attempt registry request try #1 at 8:41:03 AM
217 verbose etag W/"659488aea08295bf2f747858634a1fd1"
218 verbose lastModified Sun, 15 May 2022 19:01:12 GMT
219 http request GET https://registry.npmjs.org/@pm2%2fagent
220 verbose request uri https://registry.npmjs.org/@pm2%2fjs-api
221 verbose request no auth needed
222 info attempt registry request try #1 at 8:41:03 AM
223 verbose etag W/"4a5c1fc365552133d300cd8488511a82"
224 verbose lastModified Sun, 15 May 2022 19:01:13 GMT
225 http request GET https://registry.npmjs.org/@pm2%2fjs-api
226 verbose request uri https://registry.npmjs.org/async
227 verbose request no auth needed
228 info attempt registry request try #1 at 8:41:03 AM
229 verbose etag W/"fc53c4dc9e8884b4855adc24628cb6ed"
230 verbose lastModified Tue, 17 May 2022 20:31:22 GMT
231 http request GET https://registry.npmjs.org/async
232 verbose request uri https://registry.npmjs.org/blessed
233 verbose request no auth needed
234 info attempt registry request try #1 at 8:41:03 AM
235 verbose etag W/"944fe897099400bbf4f1fd56c829ae55"
236 verbose lastModified Mon, 16 May 2022 05:20:13 GMT
237 http request GET https://registry.npmjs.org/blessed
238 verbose request uri https://registry.npmjs.org/chalk
239 verbose request no auth needed
240 info attempt registry request try #1 at 8:41:03 AM
241 verbose etag W/"a939c8e94e21e1ad47e7eb4f17a2878b"
242 verbose lastModified Mon, 16 May 2022 06:57:26 GMT
243 http request GET https://registry.npmjs.org/chalk
244 verbose request uri https://registry.npmjs.org/cli-tableau
245 verbose request no auth needed
246 info attempt registry request try #1 at 8:41:03 AM
247 verbose etag W/"1351355856f024a62c9b825f02b3ab53"
248 verbose lastModified Tue, 12 Apr 2022 06:41:27 GMT
249 http request GET https://registry.npmjs.org/cli-tableau
250 verbose request uri https://registry.npmjs.org/chokidar
251 verbose request no auth needed
252 info attempt registry request try #1 at 8:41:03 AM
253 verbose etag W/"5d2a404f9185d32dc648fa2b243563da"
254 verbose lastModified Mon, 16 May 2022 07:10:56 GMT
255 http request GET https://registry.npmjs.org/chokidar
256 verbose request uri https://registry.npmjs.org/@pm2%2fio
257 verbose request no auth needed
258 info attempt registry request try #1 at 8:41:03 AM
259 verbose etag W/"0141ec753c79af0ba33955ad07ccdeee"
260 verbose lastModified Wed, 06 Apr 2022 15:29:38 GMT
261 http request GET https://registry.npmjs.org/@pm2%2fio
262 verbose request uri https://registry.npmjs.org/commander
263 verbose request no auth needed
264 info attempt registry request try #1 at 8:41:03 AM
265 verbose etag W/"f23e1296afd616974947aeb7ea526977"
266 verbose lastModified Wed, 18 May 2022 03:03:17 GMT
267 http request GET https://registry.npmjs.org/commander
268 verbose request uri https://registry.npmjs.org/croner
269 verbose request no auth needed
270 info attempt registry request try #1 at 8:41:03 AM
271 verbose etag W/"1981386ee163f810e133a772227390ee"
272 verbose lastModified Mon, 09 May 2022 18:48:27 GMT
273 http request GET https://registry.npmjs.org/croner
274 verbose request uri https://registry.npmjs.org/debug
275 verbose request no auth needed
276 info attempt registry request try #1 at 8:41:03 AM
277 verbose etag W/"39efd4c8984ece684456d387814d1736"
278 verbose lastModified Tue, 17 May 2022 08:55:49 GMT
279 http request GET https://registry.npmjs.org/debug
280 verbose request uri https://registry.npmjs.org/dayjs
281 verbose request no auth needed
282 info attempt registry request try #1 at 8:41:03 AM
283 verbose etag W/"f0c01afa3f4390fddc85b39415742bd4"
284 verbose lastModified Fri, 06 May 2022 16:19:01 GMT
285 http request GET https://registry.npmjs.org/dayjs
286 verbose request uri https://registry.npmjs.org/enquirer
287 verbose request no auth needed
288 info attempt registry request try #1 at 8:41:03 AM
289 verbose etag W/"2cb73973b12f56bed689b65fb954e605"
290 verbose lastModified Sun, 01 May 2022 08:31:59 GMT
291 http request GET https://registry.npmjs.org/enquirer
292 verbose request uri https://registry.npmjs.org/sprintf-js
293 verbose request no auth needed
294 info attempt registry request try #1 at 8:41:03 AM
295 verbose etag W/"c6af85ee18a97f271e5e5c99db208ec5"
296 verbose lastModified Wed, 18 May 2022 12:02:42 GMT
297 http request GET https://registry.npmjs.org/sprintf-js
298 verbose request uri https://registry.npmjs.org/eventemitter2
299 verbose request no auth needed
300 info attempt registry request try #1 at 8:41:03 AM
301 verbose etag W/"f05036cbb53cb98fdb12f6e99f2a4ed6"
302 verbose lastModified Sun, 01 May 2022 19:36:19 GMT
303 http request GET https://registry.npmjs.org/eventemitter2
304 verbose request uri https://registry.npmjs.org/fclone
305 verbose request no auth needed
306 info attempt registry request try #1 at 8:41:03 AM
307 verbose etag W/"9eb30c79abf219af9d8fe1a70e5cbfa2"
308 verbose lastModified Sun, 27 May 2018 00:27:46 GMT
309 http request GET https://registry.npmjs.org/fclone
310 verbose request uri https://registry.npmjs.org/mkdirp
311 verbose request no auth needed
312 info attempt registry request try #1 at 8:41:03 AM
313 verbose etag W/"54c10c1850009c96acde8b0c6141951b"
314 verbose lastModified Mon, 09 May 2022 12:18:46 GMT
315 http request GET https://registry.npmjs.org/mkdirp
316 verbose request uri https://registry.npmjs.org/pidusage
317 verbose request no auth needed
318 info attempt registry request try #1 at 8:41:03 AM
319 verbose etag W/"457c88ea6f3f6b8ae97c4f1550744fa7"
320 verbose lastModified Thu, 12 May 2022 22:32:37 GMT
321 http request GET https://registry.npmjs.org/pidusage
322 verbose request uri https://registry.npmjs.org/pm2-axon
323 verbose request no auth needed
324 info attempt registry request try #1 at 8:41:03 AM
325 verbose etag W/"708a027d39fd50a20c7a8170d11e39d9"
326 verbose lastModified Fri, 13 May 2022 02:59:37 GMT
327 http request GET https://registry.npmjs.org/pm2-axon
328 verbose request uri https://registry.npmjs.org/pm2-axon-rpc
329 verbose request no auth needed
330 info attempt registry request try #1 at 8:41:03 AM
331 verbose etag W/"1b5e4bf9721a0d5716201da008d2df60"
332 verbose lastModified Fri, 13 May 2022 02:59:41 GMT
333 http request GET https://registry.npmjs.org/pm2-axon-rpc
334 verbose request uri https://registry.npmjs.org/pm2-deploy
335 verbose request no auth needed
336 info attempt registry request try #1 at 8:41:03 AM
337 verbose etag W/"c252edc5cd03f341dfc3db33fcb4ad18"
338 verbose lastModified Fri, 13 May 2022 03:00:18 GMT
339 http request GET https://registry.npmjs.org/pm2-deploy
340 verbose request uri https://registry.npmjs.org/pm2-multimeter
341 verbose request no auth needed
342 info attempt registry request try #1 at 8:41:03 AM
343 verbose etag W/"34e2321bf7e66e905d87e86504134cd1"
344 verbose lastModified Sun, 27 May 2018 12:28:10 GMT
345 http request GET https://registry.npmjs.org/pm2-multimeter
346 verbose request uri https://registry.npmjs.org/promptly
347 verbose request no auth needed
348 info attempt registry request try #1 at 8:41:03 AM
349 verbose etag W/"6a3a045410b5be5409bb662573904e52"
350 verbose lastModified Fri, 13 May 2022 12:58:02 GMT
351 http request GET https://registry.npmjs.org/promptly
352 verbose request uri https://registry.npmjs.org/semver
353 verbose request no auth needed
354 info attempt registry request try #1 at 8:41:03 AM
355 verbose etag W/"4a024bd665d81a9aefe882f37beda7cc"
356 verbose lastModified Tue, 17 May 2022 10:52:01 GMT
357 http request GET https://registry.npmjs.org/semver
358 verbose request uri https://registry.npmjs.org/source-map-support
359 verbose request no auth needed
360 info attempt registry request try #1 at 8:41:03 AM
361 verbose etag W/"17eac64cc7c8bc9e59fc80e6b5188c3e"
362 verbose lastModified Wed, 18 May 2022 09:03:38 GMT
363 http request GET https://registry.npmjs.org/source-map-support
364 verbose request uri https://registry.npmjs.org/vizion
365 verbose request no auth needed
366 info attempt registry request try #1 at 8:41:03 AM
367 verbose etag W/"9756d743d81f824469632c17764147de"
368 verbose lastModified Wed, 03 Mar 2021 02:10:31 GMT
369 http request GET https://registry.npmjs.org/vizion
370 verbose request uri https://registry.npmjs.org/yamljs
371 verbose request no auth needed
372 info attempt registry request try #1 at 8:41:03 AM
373 verbose etag W/"63ad635057cef415730311812c8928ea"
374 verbose lastModified Sun, 27 May 2018 22:35:13 GMT
375 http request GET https://registry.npmjs.org/yamljs
376 verbose request uri https://registry.npmjs.org/pm2-sysmonit
377 verbose request no auth needed
378 info attempt registry request try #1 at 8:41:03 AM
379 verbose etag W/"a40251b50cf25bf8fe753a9299008311"
380 verbose lastModified Fri, 13 May 2022 03:04:53 GMT
381 http request GET https://registry.npmjs.org/pm2-sysmonit
382 verbose request uri https://registry.npmjs.org/@pm2%2fpm2-version-check
383 verbose request no auth needed
384 info attempt registry request try #1 at 8:41:03 AM
385 verbose etag W/"78d74182389b6c5a44f4aa14bb8c9e7d"
386 verbose lastModified Wed, 06 Apr 2022 15:29:40 GMT
387 http request GET https://registry.npmjs.org/@pm2%2fpm2-version-check
388 verbose request uri https://registry.npmjs.org/needle
389 verbose request no auth needed
390 info attempt registry request try #1 at 8:41:03 AM
391 verbose etag W/"55d915048444b40256f3eda1abb0bbed"
392 verbose lastModified Tue, 10 May 2022 11:46:10 GMT
393 http request GET https://registry.npmjs.org/needle
394 http 304 https://registry.npmjs.org/@pm2%2fagent
395 verbose headers { date: 'Fri, 20 May 2022 08:41:03 GMT',
395 verbose headers   connection: 'keep-alive',
395 verbose headers   'cf-ray': '70e3c565b8eb4d5d-SIN',
395 verbose headers   age: '163',
395 verbose headers   'cache-control': 'public, max-age=300',
395 verbose headers   etag: '"659488aea08295bf2f747858634a1fd1"',
395 verbose headers   'last-modified': 'Sun, 15 May 2022 19:01:12 GMT',
395 verbose headers   vary: 'Accept-Encoding',
395 verbose headers   'cf-cache-status': 'HIT',
395 verbose headers   'expect-ct': 'max-age=604800, report-uri="https://report-uri.cloudflare.com/cdn-cgi/beacon/expect-ct"',
395 verbose headers   'x-amz-replication-status': 'COMPLETED',
395 verbose headers   server: 'cloudflare' }
396 silly get cb [ 304,
396 silly get   { date: 'Fri, 20 May 2022 08:41:03 GMT',
396 silly get     connection: 'keep-alive',
396 silly get     'cf-ray': '70e3c565b8eb4d5d-SIN',
396 silly get     age: '163',
396 silly get     'cache-control': 'public, max-age=300',
396 silly get     etag: '"659488aea08295bf2f747858634a1fd1"',
396 silly get     'last-modified': 'Sun, 15 May 2022 19:01:12 GMT',
396 silly get     vary: 'Accept-Encoding',
396 silly get     'cf-cache-status': 'HIT',
396 silly get     'expect-ct': 'max-age=604800, report-uri="https://report-uri.cloudflare.com/cdn-cgi/beacon/expect-ct"',
396 silly get     'x-amz-replication-status': 'COMPLETED',
396 silly get     server: 'cloudflare' } ]
397 verbose etag https://registry.npmjs.org/@pm2%2fagent from cache
398 verbose get saving @pm2/agent to /root/.npm/registry.npmjs.org/_40pm2_252fagent/.cache.json
399 silly resolveWithNewModule @pm2/agent@2.0.1 checking installable status
400 silly cache add args [ '@pm2/agent@~2.0.0', null ]
401 verbose cache add spec @pm2/agent@~2.0.0
402 silly cache add parsed spec Result {
402 silly cache add   raw: '@pm2/agent@~2.0.0',
402 silly cache add   scope: '@pm2',
402 silly cache add   name: '@pm2/agent',
402 silly cache add   rawSpec: '~2.0.0',
402 silly cache add   spec: '>=2.0.0 <2.1.0',
402 silly cache add   type: 'range' }
403 silly addNamed @pm2/agent@>=2.0.0 <2.1.0
404 verbose addNamed ">=2.0.0 <2.1.0" is a valid semver range for @pm2/agent
405 silly addNameRange { name: '@pm2/agent', range: '>=2.0.0 <2.1.0', hasData: false }
406 silly mapToRegistry name @pm2/agent
407 silly mapToRegistry scope (from package name) @pm2
408 verbose mapToRegistry no registry URL found in name for scope @pm2
409 silly mapToRegistry using default registry
410 silly mapToRegistry registry https://registry.npmjs.org/
411 silly mapToRegistry uri https://registry.npmjs.org/@pm2%2fagent
412 verbose addNameRange registry:https://registry.npmjs.org/@pm2%2fagent not in flight; fetching
413 verbose get https://registry.npmjs.org/@pm2%2fagent not expired, no request
414 silly addNameRange number 2 { name: '@pm2/agent', range: '>=2.0.0 <2.1.0', hasData: true }
415 silly addNameRange versions [ '@pm2/agent',
415 silly addNameRange   [ '0.4.1',
415 silly addNameRange     '0.4.2',
415 silly addNameRange     '0.5.0',
415 silly addNameRange     '0.5.1',
415 silly addNameRange     '0.5.2',
415 silly addNameRange     '0.5.3',
415 silly addNameRange     '0.5.4',
415 silly addNameRange     '0.5.5',
415 silly addNameRange     '0.5.6',
415 silly addNameRange     '0.5.7',
415 silly addNameRange     '0.5.8',
415 silly addNameRange     '0.5.9',
415 silly addNameRange     '0.5.10',
415 silly addNameRange     '0.5.11',
415 silly addNameRange     '0.5.12',
415 silly addNameRange     '0.5.13',
415 silly addNameRange     '0.5.14-next',
415 silly addNameRange     '0.5.14-beta',
415 silly addNameRange     '0.5.14',
415 silly addNameRange     '0.5.15',
415 silly addNameRange     '0.5.16',
415 silly addNameRange     '0.5.17',
415 silly addNameRange     '0.5.18',
415 silly addNameRange     '0.5.19',
415 silly addNameRange     '0.5.20',
415 silly addNameRange     '0.5.21',
415 silly addNameRange     '0.5.22',
415 silly addNameRange     '0.5.23',
415 silly addNameRange     '0.5.24',
415 silly addNameRange     '0.5.25',
415 silly addNameRange     '0.5.26',
415 silly addNameRange     '1.0.0',
415 silly addNameRange     '1.0.2',
415 silly addNameRange     '1.0.3',
415 silly addNameRange     '1.0.4',
415 silly addNameRange     '1.0.5',
415 silly addNameRange     '1.0.6',
415 silly addNameRange     '1.0.7',
415 silly addNameRange     '1.0.8',
415 silly addNameRange     '2.0.0',
415 silly addNameRange     '2.0.1' ] ]
416 silly addNamed @pm2/agent@2.0.1
417 verbose addNamed "2.0.1" is a plain semver version for @pm2/agent
418 silly cache afterAdd @pm2/agent@2.0.1
419 verbose afterAdd /root/.npm/@pm2/agent/2.0.1/package/package.json not in flight; writing
420 verbose afterAdd /root/.npm/@pm2/agent/2.0.1/package/package.json written
421 http 304 https://registry.npmjs.org/async
422 verbose headers { date: 'Fri, 20 May 2022 08:41:03 GMT',
422 verbose headers   connection: 'keep-alive',
422 verbose headers   'cf-ray': '70e3c5672bae4927-SIN',
422 verbose headers   age: '99',
422 verbose headers   'cache-control': 'public, max-age=300',
422 verbose headers   etag: '"fc53c4dc9e8884b4855adc24628cb6ed"',
422 verbose headers   'last-modified': 'Tue, 17 May 2022 20:31:22 GMT',
422 verbose headers   vary: 'Accept-Encoding',
422 verbose headers   'cf-cache-status': 'HIT',
422 verbose headers   'expect-ct': 'max-age=604800, report-uri="https://report-uri.cloudflare.com/cdn-cgi/beacon/expect-ct"',
422 verbose headers   'x-amz-replication-status': 'COMPLETED',
422 verbose headers   server: 'cloudflare' }
423 silly get cb [ 304,
423 silly get   { date: 'Fri, 20 May 2022 08:41:03 GMT',
423 silly get     connection: 'keep-alive',
423 silly get     'cf-ray': '70e3c5672bae4927-SIN',
423 silly get     age: '99',
423 silly get     'cache-control': 'public, max-age=300',
423 silly get     etag: '"fc53c4dc9e8884b4855adc24628cb6ed"',
423 silly get     'last-modified': 'Tue, 17 May 2022 20:31:22 GMT',
423 silly get     vary: 'Accept-Encoding',
423 silly get     'cf-cache-status': 'HIT',
423 silly get     'expect-ct': 'max-age=604800, report-uri="https://report-uri.cloudflare.com/cdn-cgi/beacon/expect-ct"',
423 silly get     'x-amz-replication-status': 'COMPLETED',
423 silly get     server: 'cloudflare' } ]
424 verbose etag https://registry.npmjs.org/async from cache
425 verbose get saving async to /root/.npm/registry.npmjs.org/async/.cache.json
426 silly resolveWithNewModule async@3.2.3 checking installable status
427 silly cache add args [ 'async@~3.2.0', null ]
428 verbose cache add spec async@~3.2.0
429 silly cache add parsed spec Result {
429 silly cache add   raw: 'async@~3.2.0',
429 silly cache add   scope: null,
429 silly cache add   name: 'async',
429 silly cache add   rawSpec: '~3.2.0',
429 silly cache add   spec: '>=3.2.0 <3.3.0',
429 silly cache add   type: 'range' }
430 silly addNamed async@>=3.2.0 <3.3.0
431 verbose addNamed ">=3.2.0 <3.3.0" is a valid semver range for async
432 silly addNameRange { name: 'async', range: '>=3.2.0 <3.3.0', hasData: false }
433 silly mapToRegistry name async
434 silly mapToRegistry using default registry
435 silly mapToRegistry registry https://registry.npmjs.org/
436 silly mapToRegistry uri https://registry.npmjs.org/async
437 verbose addNameRange registry:https://registry.npmjs.org/async not in flight; fetching
438 http 304 https://registry.npmjs.org/sprintf-js
439 verbose headers { date: 'Fri, 20 May 2022 08:41:03 GMT',
439 verbose headers   connection: 'keep-alive',
439 verbose headers   'cf-ray': '70e3c5676a4a4a3b-SIN',
439 verbose headers   age: '163',
439 verbose headers   'cache-control': 'public, max-age=300',
439 verbose headers   etag: '"c6af85ee18a97f271e5e5c99db208ec5"',
439 verbose headers   'last-modified': 'Wed, 18 May 2022 12:02:42 GMT',
439 verbose headers   vary: 'Accept-Encoding',
439 verbose headers   'cf-cache-status': 'HIT',
439 verbose headers   'expect-ct': 'max-age=604800, report-uri="https://report-uri.cloudflare.com/cdn-cgi/beacon/expect-ct"',
439 verbose headers   'x-amz-replication-status': 'PENDING',
439 verbose headers   server: 'cloudflare' }
440 silly get cb [ 304,
440 silly get   { date: 'Fri, 20 May 2022 08:41:03 GMT',
440 silly get     connection: 'keep-alive',
440 silly get     'cf-ray': '70e3c5676a4a4a3b-SIN',
440 silly get     age: '163',
440 silly get     'cache-control': 'public, max-age=300',
440 silly get     etag: '"c6af85ee18a97f271e5e5c99db208ec5"',
440 silly get     'last-modified': 'Wed, 18 May 2022 12:02:42 GMT',
440 silly get     vary: 'Accept-Encoding',
440 silly get     'cf-cache-status': 'HIT',
440 silly get     'expect-ct': 'max-age=604800, report-uri="https://report-uri.cloudflare.com/cdn-cgi/beacon/expect-ct"',
440 silly get     'x-amz-replication-status': 'PENDING',
440 silly get     server: 'cloudflare' } ]
441 verbose etag https://registry.npmjs.org/sprintf-js from cache
442 verbose get saving sprintf-js to /root/.npm/registry.npmjs.org/sprintf-js/.cache.json
443 http 304 https://registry.npmjs.org/enquirer
444 verbose headers { date: 'Fri, 20 May 2022 08:41:03 GMT',
444 verbose headers   connection: 'keep-alive',
444 verbose headers   'cf-ray': '70e3c5676d2e8964-SIN',
444 verbose headers   age: '272',
444 verbose headers   'cache-control': 'public, max-age=300',
444 verbose headers   etag: '"2cb73973b12f56bed689b65fb954e605"',
444 verbose headers   'last-modified': 'Sun, 01 May 2022 08:31:59 GMT',
444 verbose headers   vary: 'Accept-Encoding',
444 verbose headers   'cf-cache-status': 'HIT',
444 verbose headers   'expect-ct': 'max-age=604800, report-uri="https://report-uri.cloudflare.com/cdn-cgi/beacon/expect-ct"',
444 verbose headers   'x-amz-replication-status': 'PENDING',
444 verbose headers   server: 'cloudflare' }
445 silly get cb [ 304,
445 silly get   { date: 'Fri, 20 May 2022 08:41:03 GMT',
445 silly get     connection: 'keep-alive',
445 silly get     'cf-ray': '70e3c5676d2e8964-SIN',
445 silly get     age: '272',
445 silly get     'cache-control': 'public, max-age=300',
445 silly get     etag: '"2cb73973b12f56bed689b65fb954e605"',
445 silly get     'last-modified': 'Sun, 01 May 2022 08:31:59 GMT',
445 silly get     vary: 'Accept-Encoding',
445 silly get     'cf-cache-status': 'HIT',
445 silly get     'expect-ct': 'max-age=604800, report-uri="https://report-uri.cloudflare.com/cdn-cgi/beacon/expect-ct"',
445 silly get     'x-amz-replication-status': 'PENDING',
445 silly get     server: 'cloudflare' } ]
446 verbose etag https://registry.npmjs.org/enquirer from cache
447 verbose get saving enquirer to /root/.npm/registry.npmjs.org/enquirer/.cache.json
448 http 304 https://registry.npmjs.org/mkdirp
449 verbose headers { date: 'Fri, 20 May 2022 08:41:03 GMT',
449 verbose headers   connection: 'keep-alive',
449 verbose headers   'cf-ray': '70e3c56768a06bfd-SIN',
449 verbose headers   age: '242',
449 verbose headers   'cache-control': 'public, max-age=300',
449 verbose headers   etag: '"54c10c1850009c96acde8b0c6141951b"',
449 verbose headers   'last-modified': 'Mon, 09 May 2022 12:18:46 GMT',
449 verbose headers   vary: 'Accept-Encoding',
449 verbose headers   'cf-cache-status': 'HIT',
449 verbose headers   'expect-ct': 'max-age=604800, report-uri="https://report-uri.cloudflare.com/cdn-cgi/beacon/expect-ct"',
449 verbose headers   'x-amz-replication-status': 'PENDING',
449 verbose headers   server: 'cloudflare' }
450 silly get cb [ 304,
450 silly get   { date: 'Fri, 20 May 2022 08:41:03 GMT',
450 silly get     connection: 'keep-alive',
450 silly get     'cf-ray': '70e3c56768a06bfd-SIN',
450 silly get     age: '242',
450 silly get     'cache-control': 'public, max-age=300',
450 silly get     etag: '"54c10c1850009c96acde8b0c6141951b"',
450 silly get     'last-modified': 'Mon, 09 May 2022 12:18:46 GMT',
450 silly get     vary: 'Accept-Encoding',
450 silly get     'cf-cache-status': 'HIT',
450 silly get     'expect-ct': 'max-age=604800, report-uri="https://report-uri.cloudflare.com/cdn-cgi/beacon/expect-ct"',
450 silly get     'x-amz-replication-status': 'PENDING',
450 silly get     server: 'cloudflare' } ]
451 verbose etag https://registry.npmjs.org/mkdirp from cache
452 verbose get saving mkdirp to /root/.npm/registry.npmjs.org/mkdirp/.cache.json
453 http 304 https://registry.npmjs.org/chalk
454 verbose headers { date: 'Fri, 20 May 2022 08:41:03 GMT',
454 verbose headers   connection: 'keep-alive',
454 verbose headers   'cf-ray': '70e3c5676fce91ab-SIN',
454 verbose headers   age: '140',
454 verbose headers   'cache-control': 'public, max-age=300',
454 verbose headers   etag: '"a939c8e94e21e1ad47e7eb4f17a2878b"',
454 verbose headers   'last-modified': 'Mon, 16 May 2022 06:57:26 GMT',
454 verbose headers   vary: 'Accept-Encoding',
454 verbose headers   'cf-cache-status': 'HIT',
454 verbose headers   'expect-ct': 'max-age=604800, report-uri="https://report-uri.cloudflare.com/cdn-cgi/beacon/expect-ct"',
454 verbose headers   'x-amz-replication-status': 'PENDING',
454 verbose headers   server: 'cloudflare' }
455 silly get cb [ 304,
455 silly get   { date: 'Fri, 20 May 2022 08:41:03 GMT',
455 silly get     connection: 'keep-alive',
455 silly get     'cf-ray': '70e3c5676fce91ab-SIN',
455 silly get     age: '140',
455 silly get     'cache-control': 'public, max-age=300',
455 silly get     etag: '"a939c8e94e21e1ad47e7eb4f17a2878b"',
455 silly get     'last-modified': 'Mon, 16 May 2022 06:57:26 GMT',
455 silly get     vary: 'Accept-Encoding',
455 silly get     'cf-cache-status': 'HIT',
455 silly get     'expect-ct': 'max-age=604800, report-uri="https://report-uri.cloudflare.com/cdn-cgi/beacon/expect-ct"',
455 silly get     'x-amz-replication-status': 'PENDING',
455 silly get     server: 'cloudflare' } ]
456 verbose etag https://registry.npmjs.org/chalk from cache
457 verbose get saving chalk to /root/.npm/registry.npmjs.org/chalk/.cache.json
458 verbose get https://registry.npmjs.org/async not expired, no request
459 silly addNameRange number 2 { name: 'async', range: '>=3.2.0 <3.3.0', hasData: true }
460 silly addNameRange versions [ 'async',
460 silly addNameRange   [ '0.1.0',
460 silly addNameRange     '0.1.1',
460 silly addNameRange     '0.1.2',
460 silly addNameRange     '0.1.3',
460 silly addNameRange     '0.1.4',
460 silly addNameRange     '0.1.5',
460 silly addNameRange     '0.1.6',
460 silly addNameRange     '0.1.7',
460 silly addNameRange     '0.1.8',
460 silly addNameRange     '0.1.9',
460 silly addNameRange     '0.1.10',
460 silly addNameRange     '0.1.11',
460 silly addNameRange     '0.1.12',
460 silly addNameRange     '0.1.13',
460 silly addNameRange     '0.1.14',
460 silly addNameRange     '0.1.15',
460 silly addNameRange     '0.1.16',
460 silly addNameRange     '0.1.17',
460 silly addNameRange     '0.1.18',
460 silly addNameRange     '0.1.19',
460 silly addNameRange     '0.1.20',
460 silly addNameRange     '0.1.21',
460 silly addNameRange     '0.1.22',
460 silly addNameRange     '0.2.0',
460 silly addNameRange     '0.2.1',
460 silly addNameRange     '0.2.2',
460 silly addNameRange     '0.2.3',
460 silly addNameRange     '0.2.4',
460 silly addNameRange     '0.2.5',
460 silly addNameRange     '0.2.6',
460 silly addNameRange     '0.2.7',
460 silly addNameRange     '0.2.8',
460 silly addNameRange     '0.2.9',
460 silly addNameRange     '0.2.10',
460 silly addNameRange     '0.3.0',
460 silly addNameRange     '0.4.0',
460 silly addNameRange     '0.4.1',
460 silly addNameRange     '0.5.0',
460 silly addNameRange     '0.6.0',
460 silly addNameRange     '0.6.1',
460 silly addNameRange     '0.6.2',
460 silly addNameRange     '0.7.0',
460 silly addNameRange     '0.8.0',
460 silly addNameRange     '0.9.0',
460 silly addNameRange     '0.9.2',
460 silly addNameRange     '1.0.0',
460 silly addNameRange     '1.1.0',
460 silly addNameRange     '1.2.0',
460 silly addNameRange     '1.1.1',
460 silly addNameRange     '1.2.1',
460 silly addNameRange     '1.3.0',
460 silly addNameRange     '1.4.0',
460 silly addNameRange     '1.4.1',
460 silly addNameRange     '1.4.2',
460 silly addNameRange     '1.5.0',
460 silly addNameRange     '1.5.1',
460 silly addNameRange     '1.5.2',
460 silly addNameRange     '2.0.0-alpha.0',
460 silly addNameRange     '2.0.0-rc.1',
460 silly addNameRange     '2.0.0-rc.2',
460 silly addNameRange     '2.0.0-rc.3',
460 silly addNameRange     '2.0.0-rc.4',
460 silly addNameRange     '2.0.0-rc.5',
460 silly addNameRange     '2.0.0-rc.6',
460 silly addNameRange     '2.0.0',
460 silly addNameRange     '2.0.1',
460 silly addNameRange     '2.1.0',
460 silly addNameRange     '2.1.1',
460 silly addNameRange     '2.1.2',
460 silly addNameRange     '2.1.4',
460 silly addNameRange     '2.1.5',
460 silly addNameRange     '2.2.0',
460 silly addNameRange     '2.3.0',
460 silly addNameRange     '2.4.0',
460 silly addNameRange     '2.4.1',
460 silly addNameRange     '2.5.0',
460 silly addNameRange     '2.6.0',
460 silly addNameRange     '2.6.1',
460 silly addNameRange     '3.0.1-0',
460 silly addNameRange     '2.6.2',
460 silly addNameRange     '3.0.0',
460 silly addNameRange     '3.0.1',
460 silly addNameRange     '3.1.0',
460 silly addNameRange     '2.6.3',
460 silly addNameRange     '3.1.1',
460 silly addNameRange     '3.2.0',
460 silly addNameRange     '3.2.1',
460 silly addNameRange     '3.2.2',
460 silly addNameRange     '3.2.3',
460 silly addNameRange     '2.6.4' ] ]
461 silly addNamed async@3.2.3
462 verbose addNamed "3.2.3" is a plain semver version for async
463 http 304 https://registry.npmjs.org/source-map-support
464 verbose headers { date: 'Fri, 20 May 2022 08:41:03 GMT',
464 verbose headers   connection: 'keep-alive',
464 verbose headers   'cf-ray': '70e3c5677eba4ca1-SIN',
464 verbose headers   age: '248',
464 verbose headers   'cache-control': 'public, max-age=300',
464 verbose headers   etag: '"17eac64cc7c8bc9e59fc80e6b5188c3e"',
464 verbose headers   'last-modified': 'Wed, 18 May 2022 09:03:38 GMT',
464 verbose headers   vary: 'Accept-Encoding',
464 verbose headers   'cf-cache-status': 'HIT',
464 verbose headers   'expect-ct': 'max-age=604800, report-uri="https://report-uri.cloudflare.com/cdn-cgi/beacon/expect-ct"',
464 verbose headers   'x-amz-replication-status': 'PENDING',
464 verbose headers   server: 'cloudflare' }
465 silly get cb [ 304,
465 silly get   { date: 'Fri, 20 May 2022 08:41:03 GMT',
465 silly get     connection: 'keep-alive',
465 silly get     'cf-ray': '70e3c5677eba4ca1-SIN',
465 silly get     age: '248',
465 silly get     'cache-control': 'public, max-age=300',
465 silly get     etag: '"17eac64cc7c8bc9e59fc80e6b5188c3e"',
465 silly get     'last-modified': 'Wed, 18 May 2022 09:03:38 GMT',
465 silly get     vary: 'Accept-Encoding',
465 silly get     'cf-cache-status': 'HIT',
465 silly get     'expect-ct': 'max-age=604800, report-uri="https://report-uri.cloudflare.com/cdn-cgi/beacon/expect-ct"',
465 silly get     'x-amz-replication-status': 'PENDING',
465 silly get     server: 'cloudflare' } ]
466 verbose etag https://registry.npmjs.org/source-map-support from cache
467 verbose get saving source-map-support to /root/.npm/registry.npmjs.org/source-map-support/.cache.json
468 http 304 https://registry.npmjs.org/pm2-axon-rpc
469 verbose headers { date: 'Fri, 20 May 2022 08:41:03 GMT',
469 verbose headers   connection: 'keep-alive',
469 verbose headers   'cf-ray': '70e3c567795e567c-SIN',
469 verbose headers   age: '163',
469 verbose headers   'cache-control': 'public, max-age=300',
469 verbose headers   etag: '"1b5e4bf9721a0d5716201da008d2df60"',
469 verbose headers   'last-modified': 'Fri, 13 May 2022 02:59:41 GMT',
469 verbose headers   vary: 'Accept-Encoding',
469 verbose headers   'cf-cache-status': 'HIT',
469 verbose headers   'expect-ct': 'max-age=604800, report-uri="https://report-uri.cloudflare.com/cdn-cgi/beacon/expect-ct"',
469 verbose headers   'x-amz-replication-status': 'PENDING',
469 verbose headers   server: 'cloudflare' }
470 silly get cb [ 304,
470 silly get   { date: 'Fri, 20 May 2022 08:41:03 GMT',
470 silly get     connection: 'keep-alive',
470 silly get     'cf-ray': '70e3c567795e567c-SIN',
470 silly get     age: '163',
470 silly get     'cache-control': 'public, max-age=300',
470 silly get     etag: '"1b5e4bf9721a0d5716201da008d2df60"',
470 silly get     'last-modified': 'Fri, 13 May 2022 02:59:41 GMT',
470 silly get     vary: 'Accept-Encoding',
470 silly get     'cf-cache-status': 'HIT',
470 silly get     'expect-ct': 'max-age=604800, report-uri="https://report-uri.cloudflare.com/cdn-cgi/beacon/expect-ct"',
470 silly get     'x-amz-replication-status': 'PENDING',
470 silly get     server: 'cloudflare' } ]
471 verbose etag https://registry.npmjs.org/pm2-axon-rpc from cache
472 verbose get saving pm2-axon-rpc to /root/.npm/registry.npmjs.org/pm2-axon-rpc/.cache.json
473 http 304 https://registry.npmjs.org/eventemitter2
474 verbose headers { date: 'Fri, 20 May 2022 08:41:03 GMT',
474 verbose headers   connection: 'keep-alive',
474 verbose headers   'cf-ray': '70e3c5677cbe4727-SIN',
474 verbose headers   age: '49',
474 verbose headers   'cache-control': 'public, max-age=300',
474 verbose headers   etag: '"f05036cbb53cb98fdb12f6e99f2a4ed6"',
474 verbose headers   'last-modified': 'Sun, 01 May 2022 19:36:19 GMT',
474 verbose headers   vary: 'Accept-Encoding',
474 verbose headers   'cf-cache-status': 'HIT',
474 verbose headers   'expect-ct': 'max-age=604800, report-uri="https://report-uri.cloudflare.com/cdn-cgi/beacon/expect-ct"',
474 verbose headers   'x-amz-replication-status': 'COMPLETED',
474 verbose headers   server: 'cloudflare' }
475 silly get cb [ 304,
475 silly get   { date: 'Fri, 20 May 2022 08:41:03 GMT',
475 silly get     connection: 'keep-alive',
475 silly get     'cf-ray': '70e3c5677cbe4727-SIN',
475 silly get     age: '49',
475 silly get     'cache-control': 'public, max-age=300',
475 silly get     etag: '"f05036cbb53cb98fdb12f6e99f2a4ed6"',
475 silly get     'last-modified': 'Sun, 01 May 2022 19:36:19 GMT',
475 silly get     vary: 'Accept-Encoding',
475 silly get     'cf-cache-status': 'HIT',
475 silly get     'expect-ct': 'max-age=604800, report-uri="https://report-uri.cloudflare.com/cdn-cgi/beacon/expect-ct"',
475 silly get     'x-amz-replication-status': 'COMPLETED',
475 silly get     server: 'cloudflare' } ]
476 verbose etag https://registry.npmjs.org/eventemitter2 from cache
477 verbose get saving eventemitter2 to /root/.npm/registry.npmjs.org/eventemitter2/.cache.json
478 http 304 https://registry.npmjs.org/chokidar
479 verbose headers { date: 'Fri, 20 May 2022 08:41:03 GMT',
479 verbose headers   connection: 'keep-alive',
479 verbose headers   'cf-ray': '70e3c5677ed4a066-SIN',
479 verbose headers   age: '31',
479 verbose headers   'cache-control': 'public, max-age=300',
479 verbose headers   etag: '"5d2a404f9185d32dc648fa2b243563da"',
479 verbose headers   'last-modified': 'Mon, 16 May 2022 07:10:56 GMT',
479 verbose headers   vary: 'Accept-Encoding',
479 verbose headers   'cf-cache-status': 'HIT',
479 verbose headers   'expect-ct': 'max-age=604800, report-uri="https://report-uri.cloudflare.com/cdn-cgi/beacon/expect-ct"',
479 verbose headers   'x-amz-replication-status': 'COMPLETED',
479 verbose headers   server: 'cloudflare' }
480 silly get cb [ 304,
480 silly get   { date: 'Fri, 20 May 2022 08:41:03 GMT',
480 silly get     connection: 'keep-alive',
480 silly get     'cf-ray': '70e3c5677ed4a066-SIN',
480 silly get     age: '31',
480 silly get     'cache-control': 'public, max-age=300',
480 silly get     etag: '"5d2a404f9185d32dc648fa2b243563da"',
480 silly get     'last-modified': 'Mon, 16 May 2022 07:10:56 GMT',
480 silly get     vary: 'Accept-Encoding',
480 silly get     'cf-cache-status': 'HIT',
480 silly get     'expect-ct': 'max-age=604800, report-uri="https://report-uri.cloudflare.com/cdn-cgi/beacon/expect-ct"',
480 silly get     'x-amz-replication-status': 'COMPLETED',
480 silly get     server: 'cloudflare' } ]
481 verbose etag https://registry.npmjs.org/chokidar from cache
482 verbose get saving chokidar to /root/.npm/registry.npmjs.org/chokidar/.cache.json
483 http 304 https://registry.npmjs.org/promptly
484 verbose headers { date: 'Fri, 20 May 2022 08:41:03 GMT',
484 verbose headers   connection: 'keep-alive',
484 verbose headers   'cf-ray': '70e3c5677b3218b6-SIN',
484 verbose headers   age: '257',
484 verbose headers   'cache-control': 'public, max-age=300',
484 verbose headers   etag: '"6a3a045410b5be5409bb662573904e52"',
484 verbose headers   'last-modified': 'Fri, 13 May 2022 12:58:02 GMT',
484 verbose headers   vary: 'Accept-Encoding',
484 verbose headers   'cf-cache-status': 'HIT',
484 verbose headers   'expect-ct': 'max-age=604800, report-uri="https://report-uri.cloudflare.com/cdn-cgi/beacon/expect-ct"',
484 verbose headers   'x-amz-replication-status': 'COMPLETED',
484 verbose headers   server: 'cloudflare' }
485 silly get cb [ 304,
485 silly get   { date: 'Fri, 20 May 2022 08:41:03 GMT',
485 silly get     connection: 'keep-alive',
485 silly get     'cf-ray': '70e3c5677b3218b6-SIN',
485 silly get     age: '257',
485 silly get     'cache-control': 'public, max-age=300',
485 silly get     etag: '"6a3a045410b5be5409bb662573904e52"',
485 silly get     'last-modified': 'Fri, 13 May 2022 12:58:02 GMT',
485 silly get     vary: 'Accept-Encoding',
485 silly get     'cf-cache-status': 'HIT',
485 silly get     'expect-ct': 'max-age=604800, report-uri="https://report-uri.cloudflare.com/cdn-cgi/beacon/expect-ct"',
485 silly get     'x-amz-replication-status': 'COMPLETED',
485 silly get     server: 'cloudflare' } ]
486 verbose etag https://registry.npmjs.org/promptly from cache
487 verbose get saving promptly to /root/.npm/registry.npmjs.org/promptly/.cache.json
488 http 304 https://registry.npmjs.org/pm2-multimeter
489 verbose headers { date: 'Fri, 20 May 2022 08:41:03 GMT',
489 verbose headers   connection: 'keep-alive',
489 verbose headers   'cf-ray': '70e3c5676adf6bd6-SIN',
489 verbose headers   age: '163',
489 verbose headers   'cache-control': 'public, max-age=300',
489 verbose headers   etag: '"34e2321bf7e66e905d87e86504134cd1"',
489 verbose headers   'last-modified': 'Sun, 27 May 2018 12:28:10 GMT',
489 verbose headers   vary: 'Accept-Encoding',
489 verbose headers   'cf-cache-status': 'HIT',
489 verbose headers   'expect-ct': 'max-age=604800, report-uri="https://report-uri.cloudflare.com/cdn-cgi/beacon/expect-ct"',
489 verbose headers   server: 'cloudflare' }
490 silly get cb [ 304,
490 silly get   { date: 'Fri, 20 May 2022 08:41:03 GMT',
490 silly get     connection: 'keep-alive',
490 silly get     'cf-ray': '70e3c5676adf6bd6-SIN',
490 silly get     age: '163',
490 silly get     'cache-control': 'public, max-age=300',
490 silly get     etag: '"34e2321bf7e66e905d87e86504134cd1"',
490 silly get     'last-modified': 'Sun, 27 May 2018 12:28:10 GMT',
490 silly get     vary: 'Accept-Encoding',
490 silly get     'cf-cache-status': 'HIT',
490 silly get     'expect-ct': 'max-age=604800, report-uri="https://report-uri.cloudflare.com/cdn-cgi/beacon/expect-ct"',
490 silly get     server: 'cloudflare' } ]
491 verbose etag https://registry.npmjs.org/pm2-multimeter from cache
492 verbose get saving pm2-multimeter to /root/.npm/registry.npmjs.org/pm2-multimeter/.cache.json
493 silly resolveWithNewModule sprintf-js@1.1.2 checking installable status
494 silly cache add args [ 'sprintf-js@1.1.2', null ]
495 verbose cache add spec sprintf-js@1.1.2
496 silly cache add parsed spec Result {
496 silly cache add   raw: 'sprintf-js@1.1.2',
496 silly cache add   scope: null,
496 silly cache add   name: 'sprintf-js',
496 silly cache add   rawSpec: '1.1.2',
496 silly cache add   spec: '1.1.2',
496 silly cache add   type: 'version' }
497 silly addNamed sprintf-js@1.1.2
498 verbose addNamed "1.1.2" is a plain semver version for sprintf-js
499 silly mapToRegistry name sprintf-js
500 silly mapToRegistry using default registry
501 silly mapToRegistry registry https://registry.npmjs.org/
502 silly mapToRegistry uri https://registry.npmjs.org/sprintf-js
503 verbose addNameVersion registry:https://registry.npmjs.org/sprintf-js not in flight; fetching
504 http 304 https://registry.npmjs.org/needle
505 verbose headers { date: 'Fri, 20 May 2022 08:41:03 GMT',
505 verbose headers   connection: 'keep-alive',
505 verbose headers   'cf-ray': '70e3c5678a09896b-SIN',
505 verbose headers   age: '227',
505 verbose headers   'cache-control': 'public, max-age=300',
505 verbose headers   etag: '"55d915048444b40256f3eda1abb0bbed"',
505 verbose headers   'last-modified': 'Tue, 10 May 2022 11:46:10 GMT',
505 verbose headers   vary: 'Accept-Encoding',
505 verbose headers   'cf-cache-status': 'HIT',
505 verbose headers   'expect-ct': 'max-age=604800, report-uri="https://report-uri.cloudflare.com/cdn-cgi/beacon/expect-ct"',
505 verbose headers   'x-amz-replication-status': 'PENDING',
505 verbose headers   server: 'cloudflare' }
506 silly get cb [ 304,
506 silly get   { date: 'Fri, 20 May 2022 08:41:03 GMT',
506 silly get     connection: 'keep-alive',
506 silly get     'cf-ray': '70e3c5678a09896b-SIN',
506 silly get     age: '227',
506 silly get     'cache-control': 'public, max-age=300',
506 silly get     etag: '"55d915048444b40256f3eda1abb0bbed"',
506 silly get     'last-modified': 'Tue, 10 May 2022 11:46:10 GMT',
506 silly get     vary: 'Accept-Encoding',
506 silly get     'cf-cache-status': 'HIT',
506 silly get     'expect-ct': 'max-age=604800, report-uri="https://report-uri.cloudflare.com/cdn-cgi/beacon/expect-ct"',
506 silly get     'x-amz-replication-status': 'PENDING',
506 silly get     server: 'cloudflare' } ]
507 verbose etag https://registry.npmjs.org/needle from cache
508 verbose get saving needle to /root/.npm/registry.npmjs.org/needle/.cache.json
509 silly cache afterAdd async@3.2.3
510 verbose afterAdd /root/.npm/async/3.2.3/package/package.json not in flight; writing
511 silly resolveWithNewModule enquirer@2.3.6 checking installable status
512 silly cache add args [ 'enquirer@2.3.6', null ]
513 verbose cache add spec enquirer@2.3.6
514 silly cache add parsed spec Result {
514 silly cache add   raw: 'enquirer@2.3.6',
514 silly cache add   scope: null,
514 silly cache add   name: 'enquirer',
514 silly cache add   rawSpec: '2.3.6',
514 silly cache add   spec: '2.3.6',
514 silly cache add   type: 'version' }
515 silly addNamed enquirer@2.3.6
516 verbose addNamed "2.3.6" is a plain semver version for enquirer
517 silly mapToRegistry name enquirer
518 silly mapToRegistry using default registry
519 silly mapToRegistry registry https://registry.npmjs.org/
520 silly mapToRegistry uri https://registry.npmjs.org/enquirer
521 verbose addNameVersion registry:https://registry.npmjs.org/enquirer not in flight; fetching
522 silly resolveWithNewModule mkdirp@1.0.4 checking installable status
523 silly cache add args [ 'mkdirp@1.0.4', null ]
524 verbose cache add spec mkdirp@1.0.4
525 silly cache add parsed spec Result {
525 silly cache add   raw: 'mkdirp@1.0.4',
525 silly cache add   scope: null,
525 silly cache add   name: 'mkdirp',
525 silly cache add   rawSpec: '1.0.4',
525 silly cache add   spec: '1.0.4',
525 silly cache add   type: 'version' }
526 silly addNamed mkdirp@1.0.4
527 verbose addNamed "1.0.4" is a plain semver version for mkdirp
528 silly mapToRegistry name mkdirp
529 silly mapToRegistry using default registry
530 silly mapToRegistry registry https://registry.npmjs.org/
531 silly mapToRegistry uri https://registry.npmjs.org/mkdirp
532 verbose addNameVersion registry:https://registry.npmjs.org/mkdirp not in flight; fetching
533 silly resolveWithNewModule chalk@3.0.0 checking installable status
534 silly cache add args [ 'chalk@3.0.0', null ]
535 verbose cache add spec chalk@3.0.0
536 silly cache add parsed spec Result {
536 silly cache add   raw: 'chalk@3.0.0',
536 silly cache add   scope: null,
536 silly cache add   name: 'chalk',
536 silly cache add   rawSpec: '3.0.0',
536 silly cache add   spec: '3.0.0',
536 silly cache add   type: 'version' }
537 silly addNamed chalk@3.0.0
538 verbose addNamed "3.0.0" is a plain semver version for chalk
539 silly mapToRegistry name chalk
540 silly mapToRegistry using default registry
541 silly mapToRegistry registry https://registry.npmjs.org/
542 silly mapToRegistry uri https://registry.npmjs.org/chalk
543 verbose addNameVersion registry:https://registry.npmjs.org/chalk not in flight; fetching
544 http 304 https://registry.npmjs.org/pm2-deploy
545 verbose headers { date: 'Fri, 20 May 2022 08:41:03 GMT',
545 verbose headers   connection: 'keep-alive',
545 verbose headers   'cf-ray': '70e3c56789bc4c7d-SIN',
545 verbose headers   age: '163',
545 verbose headers   'cache-control': 'public, max-age=300',
545 verbose headers   etag: '"c252edc5cd03f341dfc3db33fcb4ad18"',
545 verbose headers   'last-modified': 'Fri, 13 May 2022 03:00:18 GMT',
545 verbose headers   vary: 'Accept-Encoding',
545 verbose headers   'cf-cache-status': 'HIT',
545 verbose headers   'expect-ct': 'max-age=604800, report-uri="https://report-uri.cloudflare.com/cdn-cgi/beacon/expect-ct"',
545 verbose headers   'x-amz-replication-status': 'PENDING',
545 verbose headers   server: 'cloudflare' }
546 silly get cb [ 304,
546 silly get   { date: 'Fri, 20 May 2022 08:41:03 GMT',
546 silly get     connection: 'keep-alive',
546 silly get     'cf-ray': '70e3c56789bc4c7d-SIN',
546 silly get     age: '163',
546 silly get     'cache-control': 'public, max-age=300',
546 silly get     etag: '"c252edc5cd03f341dfc3db33fcb4ad18"',
546 silly get     'last-modified': 'Fri, 13 May 2022 03:00:18 GMT',
546 silly get     vary: 'Accept-Encoding',
546 silly get     'cf-cache-status': 'HIT',
546 silly get     'expect-ct': 'max-age=604800, report-uri="https://report-uri.cloudflare.com/cdn-cgi/beacon/expect-ct"',
546 silly get     'x-amz-replication-status': 'PENDING',
546 silly get     server: 'cloudflare' } ]
547 verbose etag https://registry.npmjs.org/pm2-deploy from cache
548 verbose get saving pm2-deploy to /root/.npm/registry.npmjs.org/pm2-deploy/.cache.json
549 http 304 https://registry.npmjs.org/debug
550 verbose headers { date: 'Fri, 20 May 2022 08:41:03 GMT',
550 verbose headers   connection: 'keep-alive',
550 verbose headers   'cf-ray': '70e3c5678a759f86-SIN',
550 verbose headers   age: '98',
550 verbose headers   'cache-control': 'public, max-age=300',
550 verbose headers   etag: '"39efd4c8984ece684456d387814d1736"',
550 verbose headers   'last-modified': 'Tue, 17 May 2022 08:55:49 GMT',
550 verbose headers   vary: 'Accept-Encoding',
550 verbose headers   'cf-cache-status': 'HIT',
550 verbose headers   'expect-ct': 'max-age=604800, report-uri="https://report-uri.cloudflare.com/cdn-cgi/beacon/expect-ct"',
550 verbose headers   'x-amz-replication-status': 'COMPLETED',
550 verbose headers   server: 'cloudflare' }
551 silly get cb [ 304,
551 silly get   { date: 'Fri, 20 May 2022 08:41:03 GMT',
551 silly get     connection: 'keep-alive',
551 silly get     'cf-ray': '70e3c5678a759f86-SIN',
551 silly get     age: '98',
551 silly get     'cache-control': 'public, max-age=300',
551 silly get     etag: '"39efd4c8984ece684456d387814d1736"',
551 silly get     'last-modified': 'Tue, 17 May 2022 08:55:49 GMT',
551 silly get     vary: 'Accept-Encoding',
551 silly get     'cf-cache-status': 'HIT',
551 silly get     'expect-ct': 'max-age=604800, report-uri="https://report-uri.cloudflare.com/cdn-cgi/beacon/expect-ct"',
551 silly get     'x-amz-replication-status': 'COMPLETED',
551 silly get     server: 'cloudflare' } ]
552 verbose etag https://registry.npmjs.org/debug from cache
553 verbose get saving debug to /root/.npm/registry.npmjs.org/debug/.cache.json
554 http 304 https://registry.npmjs.org/commander
555 verbose headers { date: 'Fri, 20 May 2022 08:41:03 GMT',
555 verbose headers   connection: 'keep-alive',
555 verbose headers   'cf-ray': '70e3c5678888898c-SIN',
555 verbose headers   age: '149',
555 verbose headers   'cache-control': 'public, max-age=300',
555 verbose headers   etag: '"f23e1296afd616974947aeb7ea526977"',
555 verbose headers   'last-modified': 'Wed, 18 May 2022 03:03:17 GMT',
555 verbose headers   vary: 'Accept-Encoding',
555 verbose headers   'cf-cache-status': 'HIT',
555 verbose headers   'expect-ct': 'max-age=604800, report-uri="https://report-uri.cloudflare.com/cdn-cgi/beacon/expect-ct"',
555 verbose headers   'x-amz-replication-status': 'PENDING',
555 verbose headers   server: 'cloudflare' }
556 silly get cb [ 304,
556 silly get   { date: 'Fri, 20 May 2022 08:41:03 GMT',
556 silly get     connection: 'keep-alive',
556 silly get     'cf-ray': '70e3c5678888898c-SIN',
556 silly get     age: '149',
556 silly get     'cache-control': 'public, max-age=300',
556 silly get     etag: '"f23e1296afd616974947aeb7ea526977"',
556 silly get     'last-modified': 'Wed, 18 May 2022 03:03:17 GMT',
556 silly get     vary: 'Accept-Encoding',
556 silly get     'cf-cache-status': 'HIT',
556 silly get     'expect-ct': 'max-age=604800, report-uri="https://report-uri.cloudflare.com/cdn-cgi/beacon/expect-ct"',
556 silly get     'x-amz-replication-status': 'PENDING',
556 silly get     server: 'cloudflare' } ]
557 verbose etag https://registry.npmjs.org/commander from cache
558 verbose get saving commander to /root/.npm/registry.npmjs.org/commander/.cache.json
559 verbose get https://registry.npmjs.org/sprintf-js not expired, no request
560 silly resolveWithNewModule source-map-support@0.5.19 checking installable status
561 silly cache add args [ 'source-map-support@0.5.19', null ]
562 verbose cache add spec source-map-support@0.5.19
563 silly cache add parsed spec Result {
563 silly cache add   raw: 'source-map-support@0.5.19',
563 silly cache add   scope: null,
563 silly cache add   name: 'source-map-support',
563 silly cache add   rawSpec: '0.5.19',
563 silly cache add   spec: '0.5.19',
563 silly cache add   type: 'version' }
564 silly addNamed source-map-support@0.5.19
565 verbose addNamed "0.5.19" is a plain semver version for source-map-support
566 silly mapToRegistry name source-map-support
567 silly mapToRegistry using default registry
568 silly mapToRegistry registry https://registry.npmjs.org/
569 silly mapToRegistry uri https://registry.npmjs.org/source-map-support
570 verbose addNameVersion registry:https://registry.npmjs.org/source-map-support not in flight; fetching
571 silly resolveWithNewModule pm2-axon-rpc@0.7.1 checking installable status
572 silly cache add args [ 'pm2-axon-rpc@~0.7.1', null ]
573 verbose cache add spec pm2-axon-rpc@~0.7.1
574 silly cache add parsed spec Result {
574 silly cache add   raw: 'pm2-axon-rpc@~0.7.1',
574 silly cache add   scope: null,
574 silly cache add   name: 'pm2-axon-rpc',
574 silly cache add   rawSpec: '~0.7.1',
574 silly cache add   spec: '>=0.7.1 <0.8.0',
574 silly cache add   type: 'range' }
575 silly addNamed pm2-axon-rpc@>=0.7.1 <0.8.0
576 verbose addNamed ">=0.7.1 <0.8.0" is a valid semver range for pm2-axon-rpc
577 silly addNameRange { name: 'pm2-axon-rpc', range: '>=0.7.1 <0.8.0', hasData: false }
578 silly mapToRegistry name pm2-axon-rpc
579 silly mapToRegistry using default registry
580 silly mapToRegistry registry https://registry.npmjs.org/
581 silly mapToRegistry uri https://registry.npmjs.org/pm2-axon-rpc
582 verbose addNameRange registry:https://registry.npmjs.org/pm2-axon-rpc not in flight; fetching
583 silly resolveWithNewModule eventemitter2@5.0.1 checking installable status
584 silly cache add args [ 'eventemitter2@5.0.1', null ]
585 verbose cache add spec eventemitter2@5.0.1
586 silly cache add parsed spec Result {
586 silly cache add   raw: 'eventemitter2@5.0.1',
586 silly cache add   scope: null,
586 silly cache add   name: 'eventemitter2',
586 silly cache add   rawSpec: '5.0.1',
586 silly cache add   spec: '5.0.1',
586 silly cache add   type: 'version' }
587 silly addNamed eventemitter2@5.0.1
588 verbose addNamed "5.0.1" is a plain semver version for eventemitter2
589 silly mapToRegistry name eventemitter2
590 silly mapToRegistry using default registry
591 silly mapToRegistry registry https://registry.npmjs.org/
592 silly mapToRegistry uri https://registry.npmjs.org/eventemitter2
593 verbose addNameVersion registry:https://registry.npmjs.org/eventemitter2 not in flight; fetching
594 silly resolveWithNewModule chokidar@3.5.3 checking installable status
595 silly cache add args [ 'chokidar@^3.5.1', null ]
596 verbose cache add spec chokidar@^3.5.1
597 silly cache add parsed spec Result {
597 silly cache add   raw: 'chokidar@^3.5.1',
597 silly cache add   scope: null,
597 silly cache add   name: 'chokidar',
597 silly cache add   rawSpec: '^3.5.1',
597 silly cache add   spec: '>=3.5.1 <4.0.0',
597 silly cache add   type: 'range' }
598 silly addNamed chokidar@>=3.5.1 <4.0.0
599 verbose addNamed ">=3.5.1 <4.0.0" is a valid semver range for chokidar
600 silly addNameRange { name: 'chokidar', range: '>=3.5.1 <4.0.0', hasData: false }
601 silly mapToRegistry name chokidar
602 silly mapToRegistry using default registry
603 silly mapToRegistry registry https://registry.npmjs.org/
604 silly mapToRegistry uri https://registry.npmjs.org/chokidar
605 verbose addNameRange registry:https://registry.npmjs.org/chokidar not in flight; fetching
606 silly resolveWithNewModule promptly@2.2.0 checking installable status
607 silly cache add args [ 'promptly@^2', null ]
608 verbose cache add spec promptly@^2
609 silly cache add parsed spec Result {
609 silly cache add   raw: 'promptly@^2',
609 silly cache add   scope: null,
609 silly cache add   name: 'promptly',
609 silly cache add   rawSpec: '^2',
609 silly cache add   spec: '>=2.0.0 <3.0.0',
609 silly cache add   type: 'range' }
610 silly addNamed promptly@>=2.0.0 <3.0.0
611 verbose addNamed ">=2.0.0 <3.0.0" is a valid semver range for promptly
612 silly addNameRange { name: 'promptly', range: '>=2.0.0 <3.0.0', hasData: false }
613 silly mapToRegistry name promptly
614 silly mapToRegistry using default registry
615 silly mapToRegistry registry https://registry.npmjs.org/
616 silly mapToRegistry uri https://registry.npmjs.org/promptly
617 verbose addNameRange registry:https://registry.npmjs.org/promptly not in flight; fetching
618 silly resolveWithNewModule pm2-multimeter@0.1.2 checking installable status
619 silly cache add args [ 'pm2-multimeter@^0.1.2', null ]
620 verbose cache add spec pm2-multimeter@^0.1.2
621 silly cache add parsed spec Result {
621 silly cache add   raw: 'pm2-multimeter@^0.1.2',
621 silly cache add   scope: null,
621 silly cache add   name: 'pm2-multimeter',
621 silly cache add   rawSpec: '^0.1.2',
621 silly cache add   spec: '>=0.1.2 <0.2.0',
621 silly cache add   type: 'range' }
622 silly addNamed pm2-multimeter@>=0.1.2 <0.2.0
623 verbose addNamed ">=0.1.2 <0.2.0" is a valid semver range for pm2-multimeter
624 silly addNameRange { name: 'pm2-multimeter',
624 silly addNameRange   range: '>=0.1.2 <0.2.0',
624 silly addNameRange   hasData: false }
625 silly mapToRegistry name pm2-multimeter
626 silly mapToRegistry using default registry
627 silly mapToRegistry registry https://registry.npmjs.org/
628 silly mapToRegistry uri https://registry.npmjs.org/pm2-multimeter
629 verbose addNameRange registry:https://registry.npmjs.org/pm2-multimeter not in flight; fetching
630 verbose afterAdd /root/.npm/async/3.2.3/package/package.json written
631 verbose get https://registry.npmjs.org/enquirer not expired, no request
632 verbose get https://registry.npmjs.org/mkdirp not expired, no request
633 verbose get https://registry.npmjs.org/chalk not expired, no request
634 silly resolveWithNewModule needle@2.4.0 checking installable status
635 silly cache add args [ 'needle@2.4.0', null ]
636 verbose cache add spec needle@2.4.0
637 silly cache add parsed spec Result {
637 silly cache add   raw: 'needle@2.4.0',
637 silly cache add   scope: null,
637 silly cache add   name: 'needle',
637 silly cache add   rawSpec: '2.4.0',
637 silly cache add   spec: '2.4.0',
637 silly cache add   type: 'version' }
638 silly addNamed needle@2.4.0
639 verbose addNamed "2.4.0" is a plain semver version for needle
640 silly mapToRegistry name needle
641 silly mapToRegistry using default registry
642 silly mapToRegistry registry https://registry.npmjs.org/
643 silly mapToRegistry uri https://registry.npmjs.org/needle
644 verbose addNameVersion registry:https://registry.npmjs.org/needle not in flight; fetching
645 verbose get https://registry.npmjs.org/source-map-support not expired, no request
646 verbose get https://registry.npmjs.org/pm2-axon-rpc not expired, no request
647 silly addNameRange number 2 { name: 'pm2-axon-rpc', range: '>=0.7.1 <0.8.0', hasData: true }
648 silly addNameRange versions [ 'pm2-axon-rpc',
648 silly addNameRange   [ '0.0.2',
648 silly addNameRange     '0.2.0',
648 silly addNameRange     '0.2.1',
648 silly addNameRange     '0.3.1',
648 silly addNameRange     '0.3.2',
648 silly addNameRange     '0.3.3',
648 silly addNameRange     '0.3.4',
648 silly addNameRange     '0.3.5',
648 silly addNameRange     '0.3.6',
648 silly addNameRange     '0.4.0',
648 silly addNameRange     '0.4.2',
648 silly addNameRange     '0.4.3',
648 silly addNameRange     '0.4.4',
648 silly addNameRange     '0.4.5',
648 silly addNameRange     '0.4.6',
648 silly addNameRange     '0.5.0',
648 silly addNameRange     '0.5.1',
648 silly addNameRange     '0.5.2',
648 silly addNameRange     '0.6.0',
648 silly addNameRange     '0.7.0',
648 silly addNameRange     '0.7.1' ] ]
649 silly addNamed pm2-axon-rpc@0.7.1
650 verbose addNamed "0.7.1" is a plain semver version for pm2-axon-rpc
651 verbose get https://registry.npmjs.org/eventemitter2 not expired, no request
652 verbose get https://registry.npmjs.org/chokidar not expired, no request
653 silly addNameRange number 2 { name: 'chokidar', range: '>=3.5.1 <4.0.0', hasData: true }
654 silly addNameRange versions [ 'chokidar',
654 silly addNameRange   [ '0.1.1',
654 silly addNameRange     '0.2.0',
654 silly addNameRange     '0.2.1',
654 silly addNameRange     '0.2.2',
654 silly addNameRange     '0.2.3',
654 silly addNameRange     '0.2.4',
654 silly addNameRange     '0.2.5',
654 silly addNameRange     '0.2.6',
654 silly addNameRange     '0.3.0',
654 silly addNameRange     '0.4.0',
654 silly addNameRange     '0.5.0',
654 silly addNameRange     '0.5.1',
654 silly addNameRange     '0.5.2',
654 silly addNameRange     '0.5.3',
654 silly addNameRange     '0.6.0',
654 silly addNameRange     '0.6.1',
654 silly addNameRange     '0.6.2',
654 silly addNameRange     '0.6.3',
654 silly addNameRange     '0.7.0',
654 silly addNameRange     '0.7.1',
654 silly addNameRange     '0.8.0',
654 silly addNameRange     '0.8.1',
654 silly addNameRange     '0.8.2',
654 silly addNameRange     '0.8.3',
654 silly addNameRange     '0.8.4',
654 silly addNameRange     '0.9.0',
654 silly addNameRange     '0.10.0',
654 silly addNameRange     '0.10.1',
654 silly addNameRange     '0.10.2',
654 silly addNameRange     '0.10.3',
654 silly addNameRange     '0.10.4',
654 silly addNameRange     '0.10.5',
654 silly addNameRange     '0.10.6',
654 silly addNameRange     '0.10.7',
654 silly addNameRange     '0.10.8',
654 silly addNameRange     '0.10.9',
654 silly addNameRange     '0.11.0',
654 silly addNameRange     '0.11.1',
654 silly addNameRange     '0.12.0',
654 silly addNameRange     '0.12.1',
654 silly addNameRange     '0.12.2',
654 silly addNameRange     '0.12.3',
654 silly addNameRange     '0.12.4',
654 silly addNameRange     '0.12.5',
654 silly addNameRange     '0.12.6',
654 silly addNameRange     '1.0.0-rc1',
654 silly addNameRange     '1.0.0-rc1.1',
654 silly addNameRange     '1.0.0-rc2',
654 silly addNameRange     '1.0.0-rc3',
654 silly addNameRange     '1.0.0-rc4',
654 silly addNameRange     '1.0.0-rc5',
654 silly addNameRange     '1.0.0',
654 silly addNameRange     '1.0.1',
654 silly addNameRange     '1.0.2',
654 silly addNameRange     '1.0.3',
654 silly addNameRange     '1.0.4',
654 silly addNameRange     '1.0.5',
654 silly addNameRange     '1.0.6',
654 silly addNameRange     '1.1.0',
654 silly addNameRange     '1.2.0',
654 silly addNameRange     '1.3.0',
654 silly addNameRange     '1.4.0',
654 silly addNameRange     '1.4.1',
654 silly addNameRange     '1.4.2',
654 silly addNameRange     '1.4.3',
654 silly addNameRange     '1.5.0',
654 silly addNameRange     '1.5.1',
654 silly addNameRange     '1.5.2',
654 silly addNameRange     '1.6.0',
654 silly addNameRange     '1.6.1',
654 silly addNameRange     '1.7.0',
654 silly addNameRange     '2.0.0',
654 silly addNameRange     '2.0.1',
654 silly addNameRange     '2.0.2',
654 silly addNameRange     '2.0.3',
654 silly addNameRange     '2.0.4',
654 silly addNameRange     '2.1.0',
654 silly addNameRange     '2.1.1',
654 silly addNameRange     '2.1.2',
654 silly addNameRange     '2.1.3',
654 silly addNameRange     '2.1.4',
654 silly addNameRange     '2.1.5',
654 silly addNameRange     '3.0.0',
654 silly addNameRange     '2.1.6',
654 silly addNameRange     '3.0.1',
654 silly addNameRange     '3.0.2',
654 silly addNameRange     '2.1.8',
654 silly addNameRange     '3.1.0',
654 silly addNameRange     '3.1.1',
654 silly addNameRange     '3.2.0',
654 silly addNameRange     '3.2.1',
654 silly addNameRange     '3.2.2',
654 silly addNameRange     '3.2.3',
654 silly addNameRange     '3.3.0',
654 silly addNameRange     '3.3.1',
654 silly addNameRange     '3.4.0',
654 silly addNameRange     '3.4.1',
654 silly addNameRange     '3.4.2',
654 silly addNameRange     '3.4.3',
654 silly addNameRange     '3.5.0',
654 silly addNameRange     ... 3 more items ] ]
655 silly addNamed chokidar@3.5.3
656 verbose addNamed "3.5.3" is a plain semver version for chokidar
657 verbose get https://registry.npmjs.org/promptly not expired, no request
658 silly addNameRange number 2 { name: 'promptly', range: '>=2.0.0 <3.0.0', hasData: true }
659 silly addNameRange versions [ 'promptly',
659 silly addNameRange   [ '0.0.0',
659 silly addNameRange     '0.0.1',
659 silly addNameRange     '0.1.0',
659 silly addNameRange     '0.2.0',
659 silly addNameRange     '0.2.1',
659 silly addNameRange     '1.0.0',
659 silly addNameRange     '1.1.0',
659 silly addNameRange     '2.0.0',
659 silly addNameRange     '2.1.0',
659 silly addNameRange     '2.2.0',
659 silly addNameRange     '3.0.0',
659 silly addNameRange     '3.0.1',
659 silly addNameRange     '3.0.2',
659 silly addNameRange     '3.0.3',
659 silly addNameRange     '3.1.0',
659 silly addNameRange     '3.2.0' ] ]
660 silly addNamed promptly@2.2.0
661 verbose addNamed "2.2.0" is a plain semver version for promptly
662 silly cache afterAdd sprintf-js@1.1.2
663 verbose afterAdd /root/.npm/sprintf-js/1.1.2/package/package.json not in flight; writing
664 silly resolveWithNewModule pm2-deploy@1.0.2 checking installable status
665 silly cache add args [ 'pm2-deploy@~1.0.2', null ]
666 verbose cache add spec pm2-deploy@~1.0.2
667 silly cache add parsed spec Result {
667 silly cache add   raw: 'pm2-deploy@~1.0.2',
667 silly cache add   scope: null,
667 silly cache add   name: 'pm2-deploy',
667 silly cache add   rawSpec: '~1.0.2',
667 silly cache add   spec: '>=1.0.2 <1.1.0',
667 silly cache add   type: 'range' }
668 silly addNamed pm2-deploy@>=1.0.2 <1.1.0
669 verbose addNamed ">=1.0.2 <1.1.0" is a valid semver range for pm2-deploy
670 silly addNameRange { name: 'pm2-deploy', range: '>=1.0.2 <1.1.0', hasData: false }
671 silly mapToRegistry name pm2-deploy
672 silly mapToRegistry using default registry
673 silly mapToRegistry registry https://registry.npmjs.org/
674 silly mapToRegistry uri https://registry.npmjs.org/pm2-deploy
675 verbose addNameRange registry:https://registry.npmjs.org/pm2-deploy not in flight; fetching
676 silly resolveWithNewModule debug@4.3.4 checking installable status
677 silly cache add args [ 'debug@^4.3.1', null ]
678 verbose cache add spec debug@^4.3.1
679 silly cache add parsed spec Result {
679 silly cache add   raw: 'debug@^4.3.1',
679 silly cache add   scope: null,
679 silly cache add   name: 'debug',
679 silly cache add   rawSpec: '^4.3.1',
679 silly cache add   spec: '>=4.3.1 <5.0.0',
679 silly cache add   type: 'range' }
680 silly addNamed debug@>=4.3.1 <5.0.0
681 verbose addNamed ">=4.3.1 <5.0.0" is a valid semver range for debug
682 silly addNameRange { name: 'debug', range: '>=4.3.1 <5.0.0', hasData: false }
683 silly mapToRegistry name debug
684 silly mapToRegistry using default registry
685 silly mapToRegistry registry https://registry.npmjs.org/
686 silly mapToRegistry uri https://registry.npmjs.org/debug
687 verbose addNameRange registry:https://registry.npmjs.org/debug not in flight; fetching
688 verbose get https://registry.npmjs.org/pm2-multimeter not expired, no request
689 silly addNameRange number 2 { name: 'pm2-multimeter',
689 silly addNameRange   range: '>=0.1.2 <0.2.0',
689 silly addNameRange   hasData: true }
690 silly addNameRange versions [ 'pm2-multimeter', [ '0.1.2' ] ]
691 silly addNamed pm2-multimeter@0.1.2
692 verbose addNamed "0.1.2" is a plain semver version for pm2-multimeter
693 silly resolveWithNewModule commander@2.15.1 checking installable status
694 silly cache add args [ 'commander@2.15.1', null ]
695 verbose cache add spec commander@2.15.1
696 silly cache add parsed spec Result {
696 silly cache add   raw: 'commander@2.15.1',
696 silly cache add   scope: null,
696 silly cache add   name: 'commander',
696 silly cache add   rawSpec: '2.15.1',
696 silly cache add   spec: '2.15.1',
696 silly cache add   type: 'version' }
697 silly addNamed commander@2.15.1
698 verbose addNamed "2.15.1" is a plain semver version for commander
699 silly mapToRegistry name commander
700 silly mapToRegistry using default registry
701 silly mapToRegistry registry https://registry.npmjs.org/
702 silly mapToRegistry uri https://registry.npmjs.org/commander
703 verbose addNameVersion registry:https://registry.npmjs.org/commander not in flight; fetching
704 silly cache afterAdd enquirer@2.3.6
705 verbose afterAdd /root/.npm/enquirer/2.3.6/package/package.json not in flight; writing
706 verbose get https://registry.npmjs.org/needle not expired, no request
707 silly cache afterAdd chalk@3.0.0
708 verbose afterAdd /root/.npm/chalk/3.0.0/package/package.json not in flight; writing
709 silly cache afterAdd mkdirp@1.0.4
710 verbose afterAdd /root/.npm/mkdirp/1.0.4/package/package.json not in flight; writing
711 verbose afterAdd /root/.npm/sprintf-js/1.1.2/package/package.json written
712 silly cache afterAdd source-map-support@0.5.19
713 verbose afterAdd /root/.npm/source-map-support/0.5.19/package/package.json not in flight; writing
714 silly cache afterAdd pm2-axon-rpc@0.7.1
715 verbose afterAdd /root/.npm/pm2-axon-rpc/0.7.1/package/package.json not in flight; writing
716 silly cache afterAdd eventemitter2@5.0.1
717 verbose afterAdd /root/.npm/eventemitter2/5.0.1/package/package.json not in flight; writing
718 verbose get https://registry.npmjs.org/pm2-deploy not expired, no request
719 silly addNameRange number 2 { name: 'pm2-deploy', range: '>=1.0.2 <1.1.0', hasData: true }
720 silly addNameRange versions [ 'pm2-deploy',
720 silly addNameRange   [ '0.0.1-beta',
720 silly addNameRange     '0.0.2',
720 silly addNameRange     '0.0.3',
720 silly addNameRange     '0.0.4',
720 silly addNameRange     '0.1.0',
720 silly addNameRange     '0.1.1',
720 silly addNameRange     '0.1.2',
720 silly addNameRange     '0.2.0',
720 silly addNameRange     '0.2.1',
720 silly addNameRange     '0.3.1-0',
720 silly addNameRange     '0.3.1-1',
720 silly addNameRange     '0.3.1',
720 silly addNameRange     '0.3.2',
720 silly addNameRange     '0.3.3',
720 silly addNameRange     '0.3.4',
720 silly addNameRange     '0.3.5',
720 silly addNameRange     '0.3.6',
720 silly addNameRange     '0.3.7',
720 silly addNameRange     '0.3.8',
720 silly addNameRange     '0.3.9',
720 silly addNameRange     '0.3.10',
720 silly addNameRange     '0.4.0',
720 silly addNameRange     '1.0.1',
720 silly addNameRange     '1.0.0',
720 silly addNameRange     '1.0.2' ] ]
721 silly addNamed pm2-deploy@1.0.2
722 verbose addNamed "1.0.2" is a plain semver version for pm2-deploy
723 verbose get https://registry.npmjs.org/debug not expired, no request
724 silly addNameRange number 2 { name: 'debug', range: '>=4.3.1 <5.0.0', hasData: true }
725 silly addNameRange versions [ 'debug',
725 silly addNameRange   [ '0.0.1',
725 silly addNameRange     '0.1.0',
725 silly addNameRange     '0.2.0',
725 silly addNameRange     '0.3.0',
725 silly addNameRange     '0.4.0',
725 silly addNameRange     '0.4.1',
725 silly addNameRange     '0.5.0',
725 silly addNameRange     '0.6.0',
725 silly addNameRange     '0.7.0',
725 silly addNameRange     '0.7.1',
725 silly addNameRange     '0.7.2',
725 silly addNameRange     '0.7.3',
725 silly addNameRange     '0.7.4',
725 silly addNameRange     '0.8.0',
725 silly addNameRange     '0.8.1',
725 silly addNameRange     '1.0.0',
725 silly addNameRange     '1.0.1',
725 silly addNameRange     '1.0.2',
725 silly addNameRange     '1.0.3',
725 silly addNameRange     '1.0.4',
725 silly addNameRange     '2.0.0',
725 silly addNameRange     '2.1.0',
725 silly addNameRange     '2.1.1',
725 silly addNameRange     '2.1.2',
725 silly addNameRange     '2.1.3',
725 silly addNameRange     '2.2.0',
725 silly addNameRange     '2.3.0',
725 silly addNameRange     '2.3.1',
725 silly addNameRange     '2.3.2',
725 silly addNameRange     '2.3.3',
725 silly addNameRange     '2.4.0',
725 silly addNameRange     '2.4.1',
725 silly addNameRange     '2.4.2',
725 silly addNameRange     '2.4.3',
725 silly addNameRange     '2.4.4',
725 silly addNameRange     '2.4.5',
725 silly addNameRange     '2.5.0',
725 silly addNameRange     '2.5.1',
725 silly addNameRange     '2.5.2',
725 silly addNameRange     '2.6.0',
725 silly addNameRange     '2.6.1',
725 silly addNameRange     '2.6.2',
725 silly addNameRange     '2.6.3',
725 silly addNameRange     '2.6.4',
725 silly addNameRange     '2.6.5',
725 silly addNameRange     '2.6.6',
725 silly addNameRange     '2.6.7',
725 silly addNameRange     '2.6.8',
725 silly addNameRange     '1.0.5',
725 silly addNameRange     '3.0.0',
725 silly addNameRange     '3.0.1',
725 silly addNameRange     '2.6.9',
725 silly addNameRange     '3.1.0',
725 silly addNameRange     '3.2.0',
725 silly addNameRange     '3.2.1',
725 silly addNameRange     '3.2.2',
725 silly addNameRange     '3.2.3',
725 silly addNameRange     '4.0.0',
725 silly addNameRange     '3.2.4',
725 silly addNameRange     '3.2.5',
725 silly addNameRange     '4.0.1',
725 silly addNameRange     '4.1.0',
725 silly addNameRange     '3.2.6',
725 silly addNameRange     '4.1.1',
725 silly addNameRange     '4.2.0',
725 silly addNameRange     '4.3.0',
725 silly addNameRange     '4.3.1',
725 silly addNameRange     '3.2.7',
725 silly addNameRange     '4.3.2',
725 silly addNameRange     '4.3.3',
725 silly addNameRange     '4.3.4' ] ]
726 silly addNamed debug@4.3.4
727 verbose addNamed "4.3.4" is a plain semver version for debug
728 silly cache afterAdd chokidar@3.5.3
729 verbose afterAdd /root/.npm/chokidar/3.5.3/package/package.json not in flight; writing
730 silly cache afterAdd promptly@2.2.0
731 verbose afterAdd /root/.npm/promptly/2.2.0/package/package.json not in flight; writing
732 silly cache afterAdd pm2-multimeter@0.1.2
733 verbose afterAdd /root/.npm/pm2-multimeter/0.1.2/package/package.json not in flight; writing
734 verbose get https://registry.npmjs.org/commander not expired, no request
735 verbose afterAdd /root/.npm/enquirer/2.3.6/package/package.json written
736 verbose afterAdd /root/.npm/chalk/3.0.0/package/package.json written
737 http 304 https://registry.npmjs.org/croner
738 verbose headers { date: 'Fri, 20 May 2022 08:41:04 GMT',
738 verbose headers   connection: 'keep-alive',
738 verbose headers   'cf-ray': '70e3c5677d348942-SIN',
738 verbose headers   'cache-control': 'public, max-age=300',
738 verbose headers   etag: '"1981386ee163f810e133a772227390ee"',
738 verbose headers   'last-modified': 'Mon, 09 May 2022 18:48:27 GMT',
738 verbose headers   vary: 'Accept-Encoding',
738 verbose headers   'cf-cache-status': 'REVALIDATED',
738 verbose headers   'expect-ct': 'max-age=604800, report-uri="https://report-uri.cloudflare.com/cdn-cgi/beacon/expect-ct"',
738 verbose headers   'x-amz-replication-status': 'COMPLETED',
738 verbose headers   server: 'cloudflare' }
739 silly get cb [ 304,
739 silly get   { date: 'Fri, 20 May 2022 08:41:04 GMT',
739 silly get     connection: 'keep-alive',
739 silly get     'cf-ray': '70e3c5677d348942-SIN',
739 silly get     'cache-control': 'public, max-age=300',
739 silly get     etag: '"1981386ee163f810e133a772227390ee"',
739 silly get     'last-modified': 'Mon, 09 May 2022 18:48:27 GMT',
739 silly get     vary: 'Accept-Encoding',
739 silly get     'cf-cache-status': 'REVALIDATED',
739 silly get     'expect-ct': 'max-age=604800, report-uri="https://report-uri.cloudflare.com/cdn-cgi/beacon/expect-ct"',
739 silly get     'x-amz-replication-status': 'COMPLETED',
739 silly get     server: 'cloudflare' } ]
740 verbose etag https://registry.npmjs.org/croner from cache
741 verbose get saving croner to /root/.npm/registry.npmjs.org/croner/.cache.json
742 http 304 https://registry.npmjs.org/pm2-axon
743 verbose headers { date: 'Fri, 20 May 2022 08:41:04 GMT',
743 verbose headers   connection: 'keep-alive',
743 verbose headers   'cf-ray': '70e3c5677bac4963-SIN',
743 verbose headers   'cache-control': 'public, max-age=300',
743 verbose headers   etag: '"708a027d39fd50a20c7a8170d11e39d9"',
743 verbose headers   'last-modified': 'Fri, 13 May 2022 02:59:37 GMT',
743 verbose headers   vary: 'Accept-Encoding',
743 verbose headers   'cf-cache-status': 'REVALIDATED',
743 verbose headers   'expect-ct': 'max-age=604800, report-uri="https://report-uri.cloudflare.com/cdn-cgi/beacon/expect-ct"',
743 verbose headers   'x-amz-replication-status': 'PENDING',
743 verbose headers   server: 'cloudflare' }
744 silly get cb [ 304,
744 silly get   { date: 'Fri, 20 May 2022 08:41:04 GMT',
744 silly get     connection: 'keep-alive',
744 silly get     'cf-ray': '70e3c5677bac4963-SIN',
744 silly get     'cache-control': 'public, max-age=300',
744 silly get     etag: '"708a027d39fd50a20c7a8170d11e39d9"',
744 silly get     'last-modified': 'Fri, 13 May 2022 02:59:37 GMT',
744 silly get     vary: 'Accept-Encoding',
744 silly get     'cf-cache-status': 'REVALIDATED',
744 silly get     'expect-ct': 'max-age=604800, report-uri="https://report-uri.cloudflare.com/cdn-cgi/beacon/expect-ct"',
744 silly get     'x-amz-replication-status': 'PENDING',
744 silly get     server: 'cloudflare' } ]
745 verbose etag https://registry.npmjs.org/pm2-axon from cache
746 verbose get saving pm2-axon to /root/.npm/registry.npmjs.org/pm2-axon/.cache.json
747 http 304 https://registry.npmjs.org/dayjs
748 verbose headers { date: 'Fri, 20 May 2022 08:41:04 GMT',
748 verbose headers   connection: 'keep-alive',
748 verbose headers   'cf-ray': '70e3c567894f6bb1-SIN',
748 verbose headers   'cache-control': 'public, max-age=300',
748 verbose headers   etag: '"f0c01afa3f4390fddc85b39415742bd4"',
748 verbose headers   'last-modified': 'Fri, 06 May 2022 16:19:01 GMT',
748 verbose headers   vary: 'Accept-Encoding',
748 verbose headers   'cf-cache-status': 'REVALIDATED',
748 verbose headers   'expect-ct': 'max-age=604800, report-uri="https://report-uri.cloudflare.com/cdn-cgi/beacon/expect-ct"',
748 verbose headers   'x-amz-replication-status': 'COMPLETED',
748 verbose headers   server: 'cloudflare' }
749 silly get cb [ 304,
749 silly get   { date: 'Fri, 20 May 2022 08:41:04 GMT',
749 silly get     connection: 'keep-alive',
749 silly get     'cf-ray': '70e3c567894f6bb1-SIN',
749 silly get     'cache-control': 'public, max-age=300',
749 silly get     etag: '"f0c01afa3f4390fddc85b39415742bd4"',
749 silly get     'last-modified': 'Fri, 06 May 2022 16:19:01 GMT',
749 silly get     vary: 'Accept-Encoding',
749 silly get     'cf-cache-status': 'REVALIDATED',
749 silly get     'expect-ct': 'max-age=604800, report-uri="https://report-uri.cloudflare.com/cdn-cgi/beacon/expect-ct"',
749 silly get     'x-amz-replication-status': 'COMPLETED',
749 silly get     server: 'cloudflare' } ]
750 verbose etag https://registry.npmjs.org/dayjs from cache
751 verbose get saving dayjs to /root/.npm/registry.npmjs.org/dayjs/.cache.json
752 http 304 https://registry.npmjs.org/pm2-sysmonit
753 verbose headers { date: 'Fri, 20 May 2022 08:41:04 GMT',
753 verbose headers   connection: 'keep-alive',
753 verbose headers   'cf-ray': '70e3c5678dea4d9f-SIN',
753 verbose headers   'cache-control': 'public, max-age=300',
753 verbose headers   etag: '"a40251b50cf25bf8fe753a9299008311"',
753 verbose headers   'last-modified': 'Fri, 13 May 2022 03:04:53 GMT',
753 verbose headers   vary: 'Accept-Encoding',
753 verbose headers   'cf-cache-status': 'REVALIDATED',
753 verbose headers   'expect-ct': 'max-age=604800, report-uri="https://report-uri.cloudflare.com/cdn-cgi/beacon/expect-ct"',
753 verbose headers   'x-amz-replication-status': 'PENDING',
753 verbose headers   server: 'cloudflare' }
754 silly get cb [ 304,
754 silly get   { date: 'Fri, 20 May 2022 08:41:04 GMT',
754 silly get     connection: 'keep-alive',
754 silly get     'cf-ray': '70e3c5678dea4d9f-SIN',
754 silly get     'cache-control': 'public, max-age=300',
754 silly get     etag: '"a40251b50cf25bf8fe753a9299008311"',
754 silly get     'last-modified': 'Fri, 13 May 2022 03:04:53 GMT',
754 silly get     vary: 'Accept-Encoding',
754 silly get     'cf-cache-status': 'REVALIDATED',
754 silly get     'expect-ct': 'max-age=604800, report-uri="https://report-uri.cloudflare.com/cdn-cgi/beacon/expect-ct"',
754 silly get     'x-amz-replication-status': 'PENDING',
754 silly get     server: 'cloudflare' } ]
755 verbose etag https://registry.npmjs.org/pm2-sysmonit from cache
756 verbose get saving pm2-sysmonit to /root/.npm/registry.npmjs.org/pm2-sysmonit/.cache.json
757 verbose afterAdd /root/.npm/mkdirp/1.0.4/package/package.json written
758 silly cache afterAdd needle@2.4.0
759 verbose afterAdd /root/.npm/needle/2.4.0/package/package.json not in flight; writing
760 verbose afterAdd /root/.npm/source-map-support/0.5.19/package/package.json written
761 verbose afterAdd /root/.npm/pm2-axon-rpc/0.7.1/package/package.json written
762 verbose afterAdd /root/.npm/eventemitter2/5.0.1/package/package.json written
763 verbose afterAdd /root/.npm/chokidar/3.5.3/package/package.json written
764 verbose afterAdd /root/.npm/promptly/2.2.0/package/package.json written
765 silly cache afterAdd pm2-deploy@1.0.2
766 verbose afterAdd /root/.npm/pm2-deploy/1.0.2/package/package.json not in flight; writing
767 silly cache afterAdd debug@4.3.4
768 verbose afterAdd /root/.npm/debug/4.3.4/package/package.json not in flight; writing
769 verbose afterAdd /root/.npm/pm2-multimeter/0.1.2/package/package.json written
770 silly cache afterAdd commander@2.15.1
771 verbose afterAdd /root/.npm/commander/2.15.1/package/package.json not in flight; writing
772 verbose afterAdd /root/.npm/needle/2.4.0/package/package.json written
773 verbose afterAdd /root/.npm/pm2-deploy/1.0.2/package/package.json written
774 verbose afterAdd /root/.npm/debug/4.3.4/package/package.json written
775 verbose stack Error: Missing required argument #1
775 verbose stack     at andLogAndFinish (/usr/share/npm/lib/fetch-package-metadata.js:31:3)
775 verbose stack     at fetchPackageMetadata (/usr/share/npm/lib/fetch-package-metadata.js:51:22)
775 verbose stack     at resolveWithNewModule (/usr/share/npm/lib/install/deps.js:456:12)
775 verbose stack     at /usr/share/npm/lib/install/deps.js:457:7
775 verbose stack     at /usr/share/npm/node_modules/iferr/index.js:13:50
775 verbose stack     at /usr/share/npm/lib/fetch-package-metadata.js:37:12
775 verbose stack     at addRequestedAndFinish (/usr/share/npm/lib/fetch-package-metadata.js:82:5)
775 verbose stack     at returnAndAddMetadata (/usr/share/npm/lib/fetch-package-metadata.js:117:7)
775 verbose stack     at pickVersionFromRegistryDocument (/usr/share/npm/lib/fetch-package-metadata.js:134:20)
775 verbose stack     at /usr/share/npm/node_modules/iferr/index.js:13:50
776 verbose cwd /var/www/html/q
777 error Linux 4.15.0-177-generic
778 error argv "/usr/bin/node" "/usr/bin/npm" "install" "pm2" "-g"
779 error node v8.10.0
780 error npm  v3.5.2
781 error code EMISSINGARG
782 error typeerror Error: Missing required argument #1
782 error typeerror     at andLogAndFinish (/usr/share/npm/lib/fetch-package-metadata.js:31:3)
782 error typeerror     at fetchPackageMetadata (/usr/share/npm/lib/fetch-package-metadata.js:51:22)
782 error typeerror     at resolveWithNewModule (/usr/share/npm/lib/install/deps.js:456:12)
782 error typeerror     at /usr/share/npm/lib/install/deps.js:457:7
782 error typeerror     at /usr/share/npm/node_modules/iferr/index.js:13:50
782 error typeerror     at /usr/share/npm/lib/fetch-package-metadata.js:37:12
782 error typeerror     at addRequestedAndFinish (/usr/share/npm/lib/fetch-package-metadata.js:82:5)
782 error typeerror     at returnAndAddMetadata (/usr/share/npm/lib/fetch-package-metadata.js:117:7)
782 error typeerror     at pickVersionFromRegistryDocument (/usr/share/npm/lib/fetch-package-metadata.js:134:20)
782 error typeerror     at /usr/share/npm/node_modules/iferr/index.js:13:50
783 error typeerror This is an error with npm itself. Please report this error at:
783 error typeerror     <http://github.com/npm/npm/issues>
784 verbose exit [ 1, true ]
